2025-04-10 01:57:39,967 - INFO - Loading configuration from packages.toml
2025-04-10 01:57:39,969 - INFO - Running: sudo apt update
2025-04-10 01:57:51,856 - INFO - Installing xclip with apt...
2025-04-10 01:57:51,856 - INFO - Running: sudo apt install -y xclip
2025-04-10 01:57:52,366 - INFO - Installing xsel with apt...
2025-04-10 01:57:52,366 - INFO - Running: sudo apt install -y xsel
2025-04-10 01:57:52,870 - INFO - Installing git with apt...
2025-04-10 01:57:52,870 - INFO - Running: sudo apt install -y git
2025-04-10 01:57:53,375 - INFO - Installing htop with apt...
2025-04-10 01:57:53,375 - INFO - Running: sudo apt install -y htop
2025-04-10 01:57:53,877 - INFO - Installing pandoc with apt...
2025-04-10 01:57:53,877 - INFO - Running: sudo apt install -y pandoc
2025-04-10 01:57:54,379 - INFO - Installing copyq with apt...
2025-04-10 01:57:54,379 - INFO - Running: sudo apt install -y copyq
2025-04-10 01:57:54,887 - INFO - Installing feh with apt...
2025-04-10 01:57:54,887 - INFO - Running: sudo apt install -y feh
2025-04-10 01:57:55,405 - INFO - Installing foliate with apt...
2025-04-10 01:57:55,405 - INFO - Running: sudo apt install -y foliate
2025-04-10 01:57:55,915 - INFO - Installing easyeffects with apt...
2025-04-10 01:57:55,915 - INFO - Running: sudo apt install -y easyeffects
2025-04-10 01:57:56,422 - INFO - Installing inkscape with apt...
2025-04-10 01:57:56,422 - INFO - Running: sudo apt install -y inkscape
2025-04-10 01:57:56,929 - INFO - Installing inkscape-open-symbols with apt...
2025-04-10 01:57:56,929 - INFO - Running: sudo apt install -y inkscape-open-symbols
2025-04-10 01:57:57,439 - INFO - Installing inkscape-textext with apt...
2025-04-10 01:57:57,439 - INFO - Running: sudo apt install -y inkscape-textext
2025-04-10 01:57:57,940 - INFO - Installing kdeconnect with apt...
2025-04-10 01:57:57,940 - INFO - Running: sudo apt install -y kdeconnect
2025-04-10 01:57:58,446 - INFO - Installing konsole with apt...
2025-04-10 01:57:58,446 - INFO - Running: sudo apt install -y konsole
2025-04-10 01:57:58,949 - INFO - Installing krita with apt...
2025-04-10 01:57:58,950 - INFO - Running: sudo apt install -y krita
2025-04-10 01:57:59,452 - INFO - Installing lyx with apt...
2025-04-10 01:57:59,452 - INFO - Running: sudo apt install -y lyx
2025-04-10 01:57:59,958 - INFO - Installing meld with apt...
2025-04-10 01:57:59,958 - INFO - Running: sudo apt install -y meld
2025-04-10 01:58:00,476 - INFO - Installing mpv with apt...
2025-04-10 01:58:00,477 - INFO - Running: sudo apt install -y mpv
2025-04-10 01:58:00,980 - INFO - Installing nextcloud-desktop with apt...
2025-04-10 01:58:00,980 - INFO - Running: sudo apt install -y nextcloud-desktop
2025-04-10 01:58:01,482 - INFO - Installing qalc with apt...
2025-04-10 01:58:01,482 - INFO - Running: sudo apt install -y qalc
2025-04-10 01:58:01,995 - INFO - Installing qalculate-gtk with apt...
2025-04-10 01:58:01,995 - INFO - Running: sudo apt install -y qalculate-gtk
2025-04-10 01:58:02,502 - INFO - Installing texstudio with apt...
2025-04-10 01:58:02,503 - INFO - Running: sudo apt install -y texstudio
2025-04-10 01:58:03,007 - INFO - Installing timeshift with apt...
2025-04-10 01:58:03,007 - INFO - Running: sudo apt install -y timeshift
2025-04-10 01:58:03,511 - INFO - Installing vokoscreen-ng with apt...
2025-04-10 01:58:03,511 - INFO - Running: sudo apt install -y vokoscreen-ng
2025-04-10 01:58:04,021 - INFO - Installing xournalpp with apt...
2025-04-10 01:58:04,021 - INFO - Running: sudo apt install -y xournalpp
2025-04-10 01:58:04,529 - INFO - Installing zathura with apt...
2025-04-10 01:58:04,530 - INFO - Running: sudo apt install -y zathura
2025-04-10 01:58:05,031 - INFO - Installing zathura-djvu with apt...
2025-04-10 01:58:05,031 - INFO - Running: sudo apt install -y zathura-djvu
2025-04-10 01:58:05,537 - INFO - Installing zathura-pdf-poppler with apt...
2025-04-10 01:58:05,537 - INFO - Running: sudo apt install -y zathura-pdf-poppler
2025-04-10 01:58:06,053 - INFO - Installing zathura-ps with apt...
2025-04-10 01:58:06,053 - INFO - Running: sudo apt install -y zathura-ps
2025-04-10 01:58:06,559 - INFO - Installing zim with apt...
2025-04-10 01:58:06,559 - INFO - Running: sudo apt install -y zim
2025-04-10 01:58:07,069 - INFO - Running: flatpak remote-add --if-not-exists flathub https://flathub.org/repo/flathub.flatpakrepo
2025-04-10 01:58:07,890 - INFO - Installing com.bitwarden.desktop with flatpak...
2025-04-10 01:58:07,890 - INFO - Running: flatpak install -y flathub com.bitwarden.desktop
2025-04-10 01:58:08,249 - ERROR - Command failed: Command '['flatpak', 'install', '-y', 'flathub', 'com.bitwarden.desktop']' returned non-zero exit status 1.
2025-04-10 01:58:08,249 - INFO - Installing com.github.flxzt.rnote with flatpak...
2025-04-10 01:58:08,249 - INFO - Running: flatpak install -y flathub com.github.flxzt.rnote
2025-04-10 01:58:08,609 - ERROR - Command failed: Command '['flatpak', 'install', '-y', 'flathub', 'com.github.flxzt.rnote']' returned non-zero exit status 1.
2025-04-10 01:58:08,609 - INFO - Installing com.zettlr.Zettlr with flatpak...
2025-04-10 01:58:08,609 - INFO - Running: flatpak install -y flathub com.zettlr.Zettlr
2025-04-10 01:58:08,955 - ERROR - Command failed: Command '['flatpak', 'install', '-y', 'flathub', 'com.zettlr.Zettlr']' returned non-zero exit status 1.
2025-04-10 01:58:08,955 - INFO - Installing io.freetubeapp.freeTube with flatpak...
2025-04-10 01:58:08,955 - INFO - Running: flatpak install -y flathub io.freetubeapp.freeTube
2025-04-10 01:58:09,265 - ERROR - Command failed: Command '['flatpak', 'install', '-y', 'flathub', 'io.freetubeapp.freeTube']' returned non-zero exit status 1.
2025-04-10 01:58:09,265 - INFO - Installing io.github.ungoogled_software.ungoggled_chromium with flatpak...
2025-04-10 01:58:09,265 - INFO - Running: flatpak install -y flathub io.github.ungoogled_software.ungoggled_chromium
2025-04-10 01:58:09,640 - ERROR - Command failed: Command '['flatpak', 'install', '-y', 'flathub', 'io.github.ungoogled_software.ungoggled_chromium']' returned non-zero exit status 1.
2025-04-10 01:58:09,641 - INFO - Installing io.github.voxelcubes.hand-tex with flatpak...
2025-04-10 01:58:09,641 - INFO - Running: flatpak install -y flathub io.github.voxelcubes.hand-tex
2025-04-10 01:58:09,994 - ERROR - Command failed: Command '['flatpak', 'install', '-y', 'flathub', 'io.github.voxelcubes.hand-tex']' returned non-zero exit status 1.
2025-04-10 01:58:09,995 - INFO - Installing io.gitlab.librewolf-community with flatpak...
2025-04-10 01:58:09,995 - INFO - Running: flatpak install -y flathub io.gitlab.librewolf-community
2025-04-10 01:58:10,359 - ERROR - Command failed: Command '['flatpak', 'install', '-y', 'flathub', 'io.gitlab.librewolf-community']' returned non-zero exit status 1.
2025-04-10 01:58:10,360 - INFO - Installing org.gimp.GIMP with flatpak...
2025-04-10 01:58:10,360 - INFO - Running: flatpak install -y flathub org.gimp.GIMP
2025-04-10 01:58:10,729 - ERROR - Command failed: Command '['flatpak', 'install', '-y', 'flathub', 'org.gimp.GIMP']' returned non-zero exit status 1.
2025-04-10 01:58:10,729 - INFO - Installing org.gtk.Gtk3theme.Mint-Y-Dark-Aqua with flatpak...
2025-04-10 01:58:10,730 - INFO - Running: flatpak install -y flathub org.gtk.Gtk3theme.Mint-Y-Dark-Aqua
2025-04-10 01:58:11,203 - INFO - Installing org.gtk.Gtk3theme.Mint-Y-Dark-Orange with flatpak...
2025-04-10 01:58:11,203 - INFO - Running: flatpak install -y flathub org.gtk.Gtk3theme.Mint-Y-Dark-Orange
2025-04-10 01:58:11,611 - INFO - Installing org.gtk.Gtk3theme.Mint-Y-Dark-Purple with flatpak...
2025-04-10 01:58:11,611 - INFO - Running: flatpak install -y flathub org.gtk.Gtk3theme.Mint-Y-Dark-Purple
2025-04-10 01:58:12,055 - INFO - Installing org.gtk.Gtk3theme.Mint-Y-Dark-Teal with flatpak...
2025-04-10 01:58:12,055 - INFO - Running: flatpak install -y flathub org.gtk.Gtk3theme.Mint-Y-Dark-Teal
2025-04-10 01:58:12,460 - INFO - Installing org.jabref.jabref with flatpak...
2025-04-10 01:58:12,460 - INFO - Running: flatpak install -y flathub org.jabref.jabref
2025-04-10 01:58:12,830 - ERROR - Command failed: Command '['flatpak', 'install', '-y', 'flathub', 'org.jabref.jabref']' returned non-zero exit status 1.
2025-04-10 01:58:12,830 - INFO - Installing org.kde.falkon with flatpak...
2025-04-10 01:58:12,830 - INFO - Running: flatpak install -y flathub org.kde.falkon
2025-04-10 01:58:13,155 - ERROR - Command failed: Command '['flatpak', 'install', '-y', 'flathub', 'org.kde.falkon']' returned non-zero exit status 1.
2025-04-10 01:58:13,155 - INFO - Installing org.rncbc.qpwgrap with flatpak...
2025-04-10 01:58:13,155 - INFO - Running: flatpak install -y flathub org.rncbc.qpwgrap
2025-04-10 01:58:13,505 - ERROR - Command failed: Command '['flatpak', 'install', '-y', 'flathub', 'org.rncbc.qpwgrap']' returned non-zero exit status 1.
2025-04-10 01:58:13,506 - INFO - Running: brew update
2025-04-10 01:58:19,583 - INFO - Installing atuin with Homebrew...
2025-04-10 01:58:19,583 - INFO - Running: brew install atuin
2025-04-10 01:58:25,451 - INFO - Installing bat with Homebrew...
2025-04-10 01:58:25,451 - INFO - Running: brew install bat
2025-04-10 01:58:26,485 - INFO - Installing carapace with Homebrew...
2025-04-10 01:58:26,485 - INFO - Running: brew install carapace
2025-04-10 01:58:27,503 - INFO - Installing difftastic with Homebrew...
2025-04-10 01:58:27,503 - INFO - Running: brew install difftastic
2025-04-10 01:58:28,484 - INFO - Installing dust with Homebrew...
2025-04-10 01:58:28,484 - INFO - Running: brew install dust
2025-04-10 01:58:29,498 - INFO - Installing eza with Homebrew...
2025-04-10 01:58:29,498 - INFO - Running: brew install eza
2025-04-10 01:58:30,497 - INFO - Installing fzf with Homebrew...
2025-04-10 01:58:30,497 - INFO - Running: brew install fzf
2025-04-10 01:58:31,491 - INFO - Installing fd with Homebrew...
2025-04-10 01:58:31,491 - INFO - Running: brew install fd
2025-04-10 01:58:34,785 - INFO - Installing git-delta with Homebrew...
2025-04-10 01:58:34,785 - INFO - Running: brew install git-delta
2025-04-10 01:58:35,874 - INFO - Installing glow with Homebrew...
2025-04-10 01:58:35,874 - INFO - Running: brew install glow
2025-04-10 01:58:36,894 - INFO - Installing helix with Homebrew...
2025-04-10 01:58:36,895 - INFO - Running: brew install helix
2025-04-10 01:58:37,915 - INFO - Installing just with Homebrew...
2025-04-10 01:58:37,915 - INFO - Running: brew install just
2025-04-10 01:58:38,939 - INFO - Installing lazygit with Homebrew...
2025-04-10 01:58:38,940 - INFO - Running: brew install lazygit
2025-04-10 01:58:39,963 - INFO - Installing markdown-oxide with Homebrew...
2025-04-10 01:58:39,963 - INFO - Running: brew install markdown-oxide
2025-04-10 01:58:40,959 - INFO - Installing navi with Homebrew...
2025-04-10 01:58:40,959 - INFO - Running: brew install navi
2025-04-10 01:58:41,964 - INFO - Installing nushell with Homebrew...
2025-04-10 01:58:41,965 - INFO - Running: brew install nushell
2025-04-10 01:58:43,023 - INFO - Installing procs with Homebrew...
2025-04-10 01:58:43,023 - INFO - Running: brew install procs
2025-04-10 01:58:44,041 - INFO - Installing sd with Homebrew...
2025-04-10 01:58:44,041 - INFO - Running: brew install sd
2025-04-10 01:58:45,051 - INFO - Installing ripgrep with Homebrew...
2025-04-10 01:58:45,051 - INFO - Running: brew install ripgrep
2025-04-10 01:58:51,846 - INFO - Installing syncthing with Homebrew...
2025-04-10 01:58:51,846 - INFO - Running: brew install syncthing
2025-04-10 01:58:52,964 - INFO - Installing texlab with Homebrew...
2025-04-10 01:58:52,965 - INFO - Running: brew install texlab
2025-04-10 01:58:53,972 - INFO - Installing tidy-viewer with Homebrew...
2025-04-10 01:58:53,972 - INFO - Running: brew install tidy-viewer
2025-04-10 01:58:54,965 - INFO - Installing tinymist with Homebrew...
2025-04-10 01:58:54,965 - INFO - Running: brew install tinymist
2025-04-10 01:58:56,002 - INFO - Installing typst with Homebrew...
2025-04-10 01:58:56,002 - INFO - Running: brew install typst
2025-04-10 01:58:57,014 - INFO - Installing typstyle with Homebrew...
2025-04-10 01:58:57,014 - INFO - Running: brew install typstyle
2025-04-10 01:58:58,070 - INFO - Installing xsv with Homebrew...
2025-04-10 01:58:58,071 - INFO - Running: brew install xsv
2025-04-10 01:58:59,090 - INFO - Installing yazi with Homebrew...
2025-04-10 01:58:59,090 - INFO - Running: brew install yazi
2025-04-10 01:59:03,498 - INFO - Installing zellij with Homebrew...
2025-04-10 01:59:03,498 - INFO - Running: brew install zellij
2025-04-10 01:59:04,629 - INFO - Installing zoxide with Homebrew...
2025-04-10 01:59:04,629 - INFO - Running: brew install zoxide
2025-04-10 01:59:05,654 - INFO - Installing basedpyright with uv...
2025-04-10 01:59:05,654 - INFO - Running: uv tool install basedpyright
2025-04-10 01:59:05,665 - INFO - Installing csvkit with uv...
2025-04-10 01:59:05,665 - INFO - Running: uv tool install csvkit
2025-04-10 01:59:05,676 - INFO - Installing gds3xtrude with uv...
2025-04-10 01:59:05,676 - INFO - Running: uv tool install gds3xtrude
2025-04-10 01:59:05,686 - INFO - Installing ipython with uv...
2025-04-10 01:59:05,686 - INFO - Running: uv tool install ipython
2025-04-10 01:59:05,697 - INFO - Installing jupyterlab with uv...
2025-04-10 01:59:05,697 - INFO - Running: uv tool install jupyterlab
2025-04-10 01:59:05,709 - INFO - Installing jupytext with uv...
2025-04-10 01:59:05,709 - INFO - Running: uv tool install jupytext
2025-04-10 01:59:05,720 - INFO - Installing ptpython with uv...
2025-04-10 01:59:05,720 - INFO - Running: uv tool install ptpython
2025-04-10 01:59:05,731 - INFO - Installing rich-cli with uv...
2025-04-10 01:59:05,731 - INFO - Running: uv tool install rich-cli
2025-04-10 01:59:05,742 - INFO - Installing ruff with uv...
2025-04-10 01:59:05,742 - INFO - Running: uv tool install ruff
2025-04-10 01:59:05,753 - INFO - Installing tldr with uv...
2025-04-10 01:59:05,753 - INFO - Running: uv tool install tldr
2025-04-10 01:59:05,765 - INFO - Installing trash-cli with uv...
2025-04-10 01:59:05,765 - INFO - Running: uv tool install trash-cli
2025-04-10 01:59:05,776 - INFO - Installation process complete!
2025-04-10 02:04:32,549 - INFO - Loading configuration from packages.toml
2025-04-10 02:04:32,550 - INFO - Running: sudo apt update
2025-04-10 02:04:42,961 - INFO - Installing xclip with apt...
2025-04-10 02:04:42,961 - INFO - Running: sudo apt install -y xclip
2025-04-10 02:04:43,463 - INFO - Installing xsel with apt...
2025-04-10 02:04:43,463 - INFO - Running: sudo apt install -y xsel
2025-04-10 02:04:43,968 - INFO - Installing git with apt...
2025-04-10 02:04:43,968 - INFO - Running: sudo apt install -y git
2025-04-10 02:04:44,476 - INFO - Installing htop with apt...
2025-04-10 02:04:44,476 - INFO - Running: sudo apt install -y htop
2025-04-10 02:04:44,980 - INFO - Installing pandoc with apt...
2025-04-10 02:04:44,980 - INFO - Running: sudo apt install -y pandoc
2025-04-10 02:04:45,485 - INFO - Installing copyq with apt...
2025-04-10 02:04:45,485 - INFO - Running: sudo apt install -y copyq
2025-04-10 02:04:45,989 - INFO - Installing feh with apt...
2025-04-10 02:04:45,989 - INFO - Running: sudo apt install -y feh
2025-04-10 02:04:46,496 - INFO - Installing foliate with apt...
2025-04-10 02:04:46,496 - INFO - Running: sudo apt install -y foliate
2025-04-10 02:04:47,000 - INFO - Installing easyeffects with apt...
2025-04-10 02:04:47,000 - INFO - Running: sudo apt install -y easyeffects
2025-04-10 02:04:47,507 - INFO - Installing inkscape with apt...
2025-04-10 02:04:47,507 - INFO - Running: sudo apt install -y inkscape
2025-04-10 02:04:48,012 - INFO - Installing inkscape-open-symbols with apt...
2025-04-10 02:04:48,013 - INFO - Running: sudo apt install -y inkscape-open-symbols
2025-04-10 02:04:48,521 - INFO - Installing inkscape-textext with apt...
2025-04-10 02:04:48,521 - INFO - Running: sudo apt install -y inkscape-textext
2025-04-10 02:04:49,032 - INFO - Installing kdeconnect with apt...
2025-04-10 02:04:49,032 - INFO - Running: sudo apt install -y kdeconnect
2025-04-10 02:04:49,536 - INFO - Installing konsole with apt...
2025-04-10 02:04:49,536 - INFO - Running: sudo apt install -y konsole
2025-04-10 02:04:50,041 - INFO - Installing krita with apt...
2025-04-10 02:04:50,041 - INFO - Running: sudo apt install -y krita
2025-04-10 02:04:50,547 - INFO - Installing lyx with apt...
2025-04-10 02:04:50,547 - INFO - Running: sudo apt install -y lyx
2025-04-10 02:04:51,059 - INFO - Installing meld with apt...
2025-04-10 02:04:51,059 - INFO - Running: sudo apt install -y meld
2025-04-10 02:04:51,565 - INFO - Installing mpv with apt...
2025-04-10 02:04:51,565 - INFO - Running: sudo apt install -y mpv
2025-04-10 02:04:52,070 - INFO - Installing nextcloud-desktop with apt...
2025-04-10 02:04:52,070 - INFO - Running: sudo apt install -y nextcloud-desktop
2025-04-10 02:04:52,579 - INFO - Installing qalc with apt...
2025-04-10 02:04:52,579 - INFO - Running: sudo apt install -y qalc
2025-04-10 02:04:53,095 - INFO - Installing qalculate-gtk with apt...
2025-04-10 02:04:53,095 - INFO - Running: sudo apt install -y qalculate-gtk
2025-04-10 02:04:53,600 - INFO - Installing texstudio with apt...
2025-04-10 02:04:53,601 - INFO - Running: sudo apt install -y texstudio
2025-04-10 02:04:54,112 - INFO - Installing timeshift with apt...
2025-04-10 02:04:54,112 - INFO - Running: sudo apt install -y timeshift
2025-04-10 02:04:54,621 - INFO - Installing vokoscreen-ng with apt...
2025-04-10 02:04:54,621 - INFO - Running: sudo apt install -y vokoscreen-ng
2025-04-10 02:04:55,125 - INFO - Installing xournalpp with apt...
2025-04-10 02:04:55,125 - INFO - Running: sudo apt install -y xournalpp
2025-04-10 02:04:55,632 - INFO - Installing zathura with apt...
2025-04-10 02:04:55,632 - INFO - Running: sudo apt install -y zathura
2025-04-10 02:04:56,138 - INFO - Installing zathura-djvu with apt...
2025-04-10 02:04:56,138 - INFO - Running: sudo apt install -y zathura-djvu
2025-04-10 02:04:56,643 - INFO - Installing zathura-pdf-poppler with apt...
2025-04-10 02:04:56,643 - INFO - Running: sudo apt install -y zathura-pdf-poppler
2025-04-10 02:04:57,147 - INFO - Installing zathura-ps with apt...
2025-04-10 02:04:57,147 - INFO - Running: sudo apt install -y zathura-ps
2025-04-10 02:04:57,651 - INFO - Installing zim with apt...
2025-04-10 02:04:57,651 - INFO - Running: sudo apt install -y zim
2025-04-10 02:04:58,159 - INFO - Running: flatpak remote-add --if-not-exists flathub-verified https://flathub.org/repo/flathub.flatpakrepo
2025-04-10 02:04:58,796 - INFO - Installing com.bitwarden.desktop with flatpak...
2025-04-10 02:04:58,796 - INFO - Running: flatpak install -y flathub-verified com.bitwarden.desktop
2025-04-10 02:04:59,275 - INFO - Installing com.github.flxzt.rnote with flatpak...
2025-04-10 02:04:59,275 - INFO - Running: flatpak install -y flathub-verified com.github.flxzt.rnote
2025-04-10 02:04:59,706 - INFO - Installing com.zettlr.Zettlr with flatpak...
2025-04-10 02:04:59,706 - INFO - Running: flatpak install -y flathub-verified com.zettlr.Zettlr
2025-04-10 02:05:00,106 - INFO - Installing io.freetubeapp.freeTube with flatpak...
2025-04-10 02:05:00,106 - INFO - Running: flatpak install -y flathub-verified io.freetubeapp.freeTube
2025-04-10 02:05:00,459 - ERROR - Command failed: Command '['flatpak', 'install', '-y', 'flathub-verified', 'io.freetubeapp.freeTube']' returned non-zero exit status 1.
2025-04-10 02:05:00,459 - INFO - Installing io.github.ungoogled_software.ungoggled_chromium with flatpak...
2025-04-10 02:05:00,460 - INFO - Running: flatpak install -y flathub-verified io.github.ungoogled_software.ungoggled_chromium
2025-04-10 02:05:00,769 - ERROR - Command failed: Command '['flatpak', 'install', '-y', 'flathub-verified', 'io.github.ungoogled_software.ungoggled_chromium']' returned non-zero exit status 1.
2025-04-10 02:05:00,769 - INFO - Installing io.github.voxelcubes.hand-tex with flatpak...
2025-04-10 02:05:00,769 - INFO - Running: flatpak install -y flathub-verified io.github.voxelcubes.hand-tex
2025-04-10 02:05:01,147 - INFO - Installing io.gitlab.librewolf-community with flatpak...
2025-04-10 02:05:01,147 - INFO - Running: flatpak install -y flathub-verified io.gitlab.librewolf-community
2025-04-10 02:05:01,543 - INFO - Installing org.gimp.GIMP with flatpak...
2025-04-10 02:05:01,543 - INFO - Running: flatpak install -y flathub-verified org.gimp.GIMP
2025-04-10 02:05:01,983 - INFO - Installing org.gtk.Gtk3theme.Mint-Y-Dark-Aqua with flatpak...
2025-04-10 02:05:01,983 - INFO - Running: flatpak install -y flathub-verified org.gtk.Gtk3theme.Mint-Y-Dark-Aqua
2025-04-10 02:05:02,296 - ERROR - Command failed: Command '['flatpak', 'install', '-y', 'flathub-verified', 'org.gtk.Gtk3theme.Mint-Y-Dark-Aqua']' returned non-zero exit status 1.
2025-04-10 02:05:02,297 - INFO - Installing org.gtk.Gtk3theme.Mint-Y-Dark-Orange with flatpak...
2025-04-10 02:05:02,297 - INFO - Running: flatpak install -y flathub-verified org.gtk.Gtk3theme.Mint-Y-Dark-Orange
2025-04-10 02:05:02,630 - ERROR - Command failed: Command '['flatpak', 'install', '-y', 'flathub-verified', 'org.gtk.Gtk3theme.Mint-Y-Dark-Orange']' returned non-zero exit status 1.
2025-04-10 02:05:02,630 - INFO - Installing org.gtk.Gtk3theme.Mint-Y-Dark-Purple with flatpak...
2025-04-10 02:05:02,630 - INFO - Running: flatpak install -y flathub-verified org.gtk.Gtk3theme.Mint-Y-Dark-Purple
2025-04-10 02:05:02,955 - ERROR - Command failed: Command '['flatpak', 'install', '-y', 'flathub-verified', 'org.gtk.Gtk3theme.Mint-Y-Dark-Purple']' returned non-zero exit status 1.
2025-04-10 02:05:02,956 - INFO - Installing org.gtk.Gtk3theme.Mint-Y-Dark-Teal with flatpak...
2025-04-10 02:05:02,956 - INFO - Running: flatpak install -y flathub-verified org.gtk.Gtk3theme.Mint-Y-Dark-Teal
2025-04-10 02:05:03,265 - ERROR - Command failed: Command '['flatpak', 'install', '-y', 'flathub-verified', 'org.gtk.Gtk3theme.Mint-Y-Dark-Teal']' returned non-zero exit status 1.
2025-04-10 02:05:03,265 - INFO - Installing org.jabref.jabref with flatpak...
2025-04-10 02:05:03,265 - INFO - Running: flatpak install -y flathub-verified org.jabref.jabref
2025-04-10 02:05:03,698 - INFO - Installing org.kde.falkon with flatpak...
2025-04-10 02:05:03,698 - INFO - Running: flatpak install -y flathub-verified org.kde.falkon
2025-04-10 02:05:04,117 - INFO - Installing org.rncbc.qpwgrap with flatpak...
2025-04-10 02:05:04,117 - INFO - Running: flatpak install -y flathub-verified org.rncbc.qpwgrap
2025-04-10 02:05:04,534 - ERROR - Command failed: Command '['flatpak', 'install', '-y', 'flathub-verified', 'org.rncbc.qpwgrap']' returned non-zero exit status 1.
2025-04-10 02:05:04,536 - INFO - Running: brew update
2025-04-10 02:05:06,140 - INFO - Installing atuin with Homebrew...
2025-04-10 02:05:06,140 - INFO - Running: brew install atuin
2025-04-10 02:05:07,411 - INFO - Installing bat with Homebrew...
2025-04-10 02:05:07,411 - INFO - Running: brew install bat
2025-04-10 02:05:08,426 - INFO - Installing carapace with Homebrew...
2025-04-10 02:05:08,426 - INFO - Running: brew install carapace
2025-04-10 02:05:09,467 - INFO - Installing difftastic with Homebrew...
2025-04-10 02:05:09,468 - INFO - Running: brew install difftastic
2025-04-10 02:05:10,485 - INFO - Installing dust with Homebrew...
2025-04-10 02:05:10,485 - INFO - Running: brew install dust
2025-04-10 02:05:11,493 - INFO - Installing eza with Homebrew...
2025-04-10 02:05:11,493 - INFO - Running: brew install eza
2025-04-10 02:05:12,503 - INFO - Installing fzf with Homebrew...
2025-04-10 02:05:12,503 - INFO - Running: brew install fzf
2025-04-10 02:05:13,549 - INFO - Installing fd with Homebrew...
2025-04-10 02:05:13,549 - INFO - Running: brew install fd
2025-04-10 02:05:14,590 - INFO - Installing git-delta with Homebrew...
2025-04-10 02:05:14,590 - INFO - Running: brew install git-delta
2025-04-10 02:05:15,611 - INFO - Installing glow with Homebrew...
2025-04-10 02:05:15,611 - INFO - Running: brew install glow
2025-04-10 02:05:16,613 - INFO - Installing helix with Homebrew...
2025-04-10 02:05:16,613 - INFO - Running: brew install helix
2025-04-10 02:05:17,619 - INFO - Installing just with Homebrew...
2025-04-10 02:05:17,619 - INFO - Running: brew install just
2025-04-10 02:05:18,605 - INFO - Installing lazygit with Homebrew...
2025-04-10 02:05:18,605 - INFO - Running: brew install lazygit
2025-04-10 02:05:19,613 - INFO - Installing markdown-oxide with Homebrew...
2025-04-10 02:05:19,613 - INFO - Running: brew install markdown-oxide
2025-04-10 02:05:20,602 - INFO - Installing navi with Homebrew...
2025-04-10 02:05:20,602 - INFO - Running: brew install navi
2025-04-10 02:05:21,624 - INFO - Installing nushell with Homebrew...
2025-04-10 02:05:21,625 - INFO - Running: brew install nushell
2025-04-10 02:05:22,647 - INFO - Installing procs with Homebrew...
2025-04-10 02:05:22,647 - INFO - Running: brew install procs
2025-04-10 02:05:23,679 - INFO - Installing sd with Homebrew...
2025-04-10 02:05:23,679 - INFO - Running: brew install sd
2025-04-10 02:05:24,667 - INFO - Installing ripgrep with Homebrew...
2025-04-10 02:05:24,667 - INFO - Running: brew install ripgrep
2025-04-10 02:05:25,690 - INFO - Installing syncthing with Homebrew...
2025-04-10 02:05:25,690 - INFO - Running: brew install syncthing
2025-04-10 02:05:26,750 - INFO - Installing texlab with Homebrew...
2025-04-10 02:05:26,750 - INFO - Running: brew install texlab
2025-04-10 02:05:27,778 - INFO - Installing tidy-viewer with Homebrew...
2025-04-10 02:05:27,778 - INFO - Running: brew install tidy-viewer
2025-04-10 02:05:28,768 - INFO - Installing tinymist with Homebrew...
2025-04-10 02:05:28,768 - INFO - Running: brew install tinymist
2025-04-10 02:05:29,785 - INFO - Installing typst with Homebrew...
2025-04-10 02:05:29,785 - INFO - Running: brew install typst
2025-04-10 02:05:30,817 - INFO - Installing typstyle with Homebrew...
2025-04-10 02:05:30,817 - INFO - Running: brew install typstyle
2025-04-10 02:05:31,850 - INFO - Installing xsv with Homebrew...
2025-04-10 02:05:31,850 - INFO - Running: brew install xsv
2025-04-10 02:05:32,853 - INFO - Installing yazi with Homebrew...
2025-04-10 02:05:32,853 - INFO - Running: brew install yazi
2025-04-10 02:05:33,880 - INFO - Installing zellij with Homebrew...
2025-04-10 02:05:33,880 - INFO - Running: brew install zellij
2025-04-10 02:05:34,898 - INFO - Installing zoxide with Homebrew...
2025-04-10 02:05:34,898 - INFO - Running: brew install zoxide
2025-04-10 02:05:35,901 - INFO - Installing basedpyright with uv...
2025-04-10 02:05:35,901 - INFO - Running: uv tool install basedpyright
2025-04-10 02:05:35,913 - INFO - Installing csvkit with uv...
2025-04-10 02:05:35,913 - INFO - Running: uv tool install csvkit
2025-04-10 02:05:35,925 - INFO - Installing gds3xtrude with uv...
2025-04-10 02:05:35,925 - INFO - Running: uv tool install gds3xtrude
2025-04-10 02:05:35,937 - INFO - Installing ipython with uv...
2025-04-10 02:05:35,937 - INFO - Running: uv tool install ipython
2025-04-10 02:05:35,950 - INFO - Installing jupyterlab with uv...
2025-04-10 02:05:35,950 - INFO - Running: uv tool install jupyterlab
2025-04-10 02:05:35,962 - INFO - Installing jupytext with uv...
2025-04-10 02:05:35,962 - INFO - Running: uv tool install jupytext
2025-04-10 02:05:35,974 - INFO - Installing ptpython with uv...
2025-04-10 02:05:35,974 - INFO - Running: uv tool install ptpython
2025-04-10 02:05:35,986 - INFO - Installing rich-cli with uv...
2025-04-10 02:05:35,986 - INFO - Running: uv tool install rich-cli
2025-04-10 02:05:35,997 - INFO - Installing ruff with uv...
2025-04-10 02:05:35,998 - INFO - Running: uv tool install ruff
2025-04-10 02:05:36,010 - INFO - Installing tldr with uv...
2025-04-10 02:05:36,010 - INFO - Running: uv tool install tldr
2025-04-10 02:05:36,022 - INFO - Installing trash-cli with uv...
2025-04-10 02:05:36,022 - INFO - Running: uv tool install trash-cli
2025-04-10 02:05:36,034 - INFO - Installation process complete!
2025-04-10 02:11:30,906 - INFO - Loading configuration from packages.toml
2025-04-10 02:11:30,907 - INFO - Running: sudo apt update
2025-04-10 02:11:38,692 - INFO - Installing xclip with apt...
2025-04-10 02:11:38,692 - INFO - Running: sudo apt install -y xclip
2025-04-10 02:11:39,204 - INFO - Installing xsel with apt...
2025-04-10 02:11:39,204 - INFO - Running: sudo apt install -y xsel
2025-04-10 02:11:39,712 - INFO - Installing git with apt...
2025-04-10 02:11:39,712 - INFO - Running: sudo apt install -y git
2025-04-10 02:11:40,223 - INFO - Installing htop with apt...
2025-04-10 02:11:40,223 - INFO - Running: sudo apt install -y htop
2025-04-10 02:11:40,735 - INFO - Installing pandoc with apt...
2025-04-10 02:11:40,735 - INFO - Running: sudo apt install -y pandoc
2025-04-10 02:11:41,247 - INFO - Installing copyq with apt...
2025-04-10 02:11:41,247 - INFO - Running: sudo apt install -y copyq
2025-04-10 02:11:41,769 - INFO - Installing feh with apt...
2025-04-10 02:11:41,769 - INFO - Running: sudo apt install -y feh
2025-04-10 02:11:42,274 - INFO - Installing foliate with apt...
2025-04-10 02:11:42,274 - INFO - Running: sudo apt install -y foliate
2025-04-10 02:11:42,787 - INFO - Installing easyeffects with apt...
2025-04-10 02:11:42,787 - INFO - Running: sudo apt install -y easyeffects
2025-04-10 02:11:43,296 - INFO - Installing inkscape with apt...
2025-04-10 02:11:43,296 - INFO - Running: sudo apt install -y inkscape
2025-04-10 02:11:43,809 - INFO - Installing inkscape-open-symbols with apt...
2025-04-10 02:11:43,810 - INFO - Running: sudo apt install -y inkscape-open-symbols
2025-04-10 02:11:44,324 - INFO - Installing inkscape-textext with apt...
2025-04-10 02:11:44,325 - INFO - Running: sudo apt install -y inkscape-textext
2025-04-10 02:11:44,840 - INFO - Installing kdeconnect with apt...
2025-04-10 02:11:44,840 - INFO - Running: sudo apt install -y kdeconnect
2025-04-10 02:11:45,348 - INFO - Installing konsole with apt...
2025-04-10 02:11:45,348 - INFO - Running: sudo apt install -y konsole
2025-04-10 02:11:45,872 - INFO - Installing krita with apt...
2025-04-10 02:11:45,872 - INFO - Running: sudo apt install -y krita
2025-04-10 02:11:46,381 - INFO - Installing lyx with apt...
2025-04-10 02:11:46,381 - INFO - Running: sudo apt install -y lyx
2025-04-10 02:11:46,889 - INFO - Installing meld with apt...
2025-04-10 02:11:46,889 - INFO - Running: sudo apt install -y meld
2025-04-10 02:11:47,398 - INFO - Installing mpv with apt...
2025-04-10 02:11:47,399 - INFO - Running: sudo apt install -y mpv
2025-04-10 02:11:47,908 - INFO - Installing nextcloud-desktop with apt...
2025-04-10 02:11:47,908 - INFO - Running: sudo apt install -y nextcloud-desktop
2025-04-10 02:11:48,420 - INFO - Installing qalc with apt...
2025-04-10 02:11:48,420 - INFO - Running: sudo apt install -y qalc
2025-04-10 02:11:48,935 - INFO - Installing qalculate-gtk with apt...
2025-04-10 02:11:48,935 - INFO - Running: sudo apt install -y qalculate-gtk
2025-04-10 02:11:49,442 - INFO - Installing texstudio with apt...
2025-04-10 02:11:49,443 - INFO - Running: sudo apt install -y texstudio
2025-04-10 02:11:49,955 - INFO - Installing timeshift with apt...
2025-04-10 02:11:49,955 - INFO - Running: sudo apt install -y timeshift
2025-04-10 02:11:50,464 - INFO - Installing vokoscreen-ng with apt...
2025-04-10 02:11:50,464 - INFO - Running: sudo apt install -y vokoscreen-ng
2025-04-10 02:11:50,979 - INFO - Installing xournalpp with apt...
2025-04-10 02:11:50,979 - INFO - Running: sudo apt install -y xournalpp
2025-04-10 02:11:51,493 - INFO - Installing zathura with apt...
2025-04-10 02:11:51,493 - INFO - Running: sudo apt install -y zathura
2025-04-10 02:11:52,000 - INFO - Installing zathura-djvu with apt...
2025-04-10 02:11:52,000 - INFO - Running: sudo apt install -y zathura-djvu
2025-04-10 02:11:52,510 - INFO - Installing zathura-pdf-poppler with apt...
2025-04-10 02:11:52,510 - INFO - Running: sudo apt install -y zathura-pdf-poppler
2025-04-10 02:11:53,020 - INFO - Installing zathura-ps with apt...
2025-04-10 02:11:53,020 - INFO - Running: sudo apt install -y zathura-ps
2025-04-10 02:11:53,530 - INFO - Installing zim with apt...
2025-04-10 02:11:53,530 - INFO - Running: sudo apt install -y zim
2025-04-10 02:11:54,039 - INFO - Running: flatpak remote-add --if-not-exists flathub-verified https://flathub.org/repo/flathub.flatpakrepo
2025-04-10 02:11:54,737 - INFO - Installing com.bitwarden.desktop with flatpak...
2025-04-10 02:11:54,737 - INFO - Running: flatpak install -y flathub-verified com.bitwarden.desktop
2025-04-10 02:11:55,219 - INFO - Installing com.github.flxzt.rnote with flatpak...
2025-04-10 02:11:55,219 - INFO - Running: flatpak install -y flathub-verified com.github.flxzt.rnote
2025-04-10 02:11:55,660 - INFO - Installing com.zettlr.Zettlr with flatpak...
2025-04-10 02:11:55,660 - INFO - Running: flatpak install -y flathub-verified com.zettlr.Zettlr
2025-04-10 02:11:56,054 - INFO - Installing io.freetubeapp.FreeTube with flatpak...
2025-04-10 02:11:56,054 - INFO - Running: flatpak install -y flathub-verified io.freetubeapp.FreeTube
2025-04-10 02:11:56,485 - INFO - Installing io.github.ungoogled_software.ungoogled_chromium with flatpak...
2025-04-10 02:11:56,485 - INFO - Running: flatpak install -y flathub-verified io.github.ungoogled_software.ungoogled_chromium
2025-04-10 02:11:56,874 - INFO - Installing io.github.voxelcubes.hand-tex with flatpak...
2025-04-10 02:11:56,874 - INFO - Running: flatpak install -y flathub-verified io.github.voxelcubes.hand-tex
2025-04-10 02:11:57,284 - INFO - Installing io.gitlab.librewolf-community with flatpak...
2025-04-10 02:11:57,284 - INFO - Running: flatpak install -y flathub-verified io.gitlab.librewolf-community
2025-04-10 02:11:57,700 - INFO - Installing org.gimp.GIMP with flatpak...
2025-04-10 02:11:57,700 - INFO - Running: flatpak install -y flathub-verified org.gimp.GIMP
2025-04-10 02:11:58,125 - INFO - Installing org.jabref.jabref with flatpak...
2025-04-10 02:11:58,125 - INFO - Running: flatpak install -y flathub-verified org.jabref.jabref
2025-04-10 02:11:58,516 - INFO - Installing org.kde.falkon with flatpak...
2025-04-10 02:11:58,516 - INFO - Running: flatpak install -y flathub-verified org.kde.falkon
2025-04-10 02:11:58,929 - INFO - Installing org.rncbc.qpwgraph with flatpak...
2025-04-10 02:11:58,929 - INFO - Running: flatpak install -y flathub-verified org.rncbc.qpwgraph
2025-04-10 02:11:59,372 - INFO - Running: brew update
2025-04-10 02:12:01,383 - INFO - Installing atuin with Homebrew...
2025-04-10 02:12:01,383 - INFO - Running: brew install atuin
2025-04-10 02:12:02,659 - INFO - Installing bat with Homebrew...
2025-04-10 02:12:02,659 - INFO - Running: brew install bat
2025-04-10 02:12:03,676 - INFO - Installing carapace with Homebrew...
2025-04-10 02:12:03,677 - INFO - Running: brew install carapace
2025-04-10 02:12:04,678 - INFO - Installing difftastic with Homebrew...
2025-04-10 02:12:04,678 - INFO - Running: brew install difftastic
2025-04-10 02:12:05,685 - INFO - Installing dust with Homebrew...
2025-04-10 02:12:05,685 - INFO - Running: brew install dust
2025-04-10 02:12:06,701 - INFO - Installing eza with Homebrew...
2025-04-10 02:12:06,701 - INFO - Running: brew install eza
2025-04-10 02:12:07,709 - INFO - Installing fzf with Homebrew...
2025-04-10 02:12:07,709 - INFO - Running: brew install fzf
2025-04-10 02:12:08,709 - INFO - Installing fd with Homebrew...
2025-04-10 02:12:08,710 - INFO - Running: brew install fd
2025-04-10 02:12:09,736 - INFO - Installing git-delta with Homebrew...
2025-04-10 02:12:09,736 - INFO - Running: brew install git-delta
2025-04-10 02:12:10,748 - INFO - Installing glow with Homebrew...
2025-04-10 02:12:10,748 - INFO - Running: brew install glow
2025-04-10 02:12:11,740 - INFO - Installing helix with Homebrew...
2025-04-10 02:12:11,741 - INFO - Running: brew install helix
2025-04-10 02:12:12,737 - INFO - Installing just with Homebrew...
2025-04-10 02:12:12,737 - INFO - Running: brew install just
2025-04-10 02:12:13,730 - INFO - Installing lazygit with Homebrew...
2025-04-10 02:12:13,730 - INFO - Running: brew install lazygit
2025-04-10 02:12:14,743 - INFO - Installing markdown-oxide with Homebrew...
2025-04-10 02:12:14,743 - INFO - Running: brew install markdown-oxide
2025-04-10 02:12:15,778 - INFO - Installing navi with Homebrew...
2025-04-10 02:12:15,778 - INFO - Running: brew install navi
2025-04-10 02:12:16,774 - INFO - Installing nushell with Homebrew...
2025-04-10 02:12:16,774 - INFO - Running: brew install nushell
2025-04-10 02:12:17,798 - INFO - Installing procs with Homebrew...
2025-04-10 02:12:17,798 - INFO - Running: brew install procs
2025-04-10 02:12:18,807 - INFO - Installing sd with Homebrew...
2025-04-10 02:12:18,808 - INFO - Running: brew install sd
2025-04-10 02:12:19,806 - INFO - Installing ripgrep with Homebrew...
2025-04-10 02:12:19,806 - INFO - Running: brew install ripgrep
2025-04-10 02:12:20,829 - INFO - Installing syncthing with Homebrew...
2025-04-10 02:12:20,829 - INFO - Running: brew install syncthing
2025-04-10 02:12:21,826 - INFO - Installing texlab with Homebrew...
2025-04-10 02:12:21,826 - INFO - Running: brew install texlab
2025-04-10 02:12:22,832 - INFO - Installing tidy-viewer with Homebrew...
2025-04-10 02:12:22,832 - INFO - Running: brew install tidy-viewer
2025-04-10 02:12:23,839 - INFO - Installing tinymist with Homebrew...
2025-04-10 02:12:23,839 - INFO - Running: brew install tinymist
2025-04-10 02:12:24,869 - INFO - Installing typst with Homebrew...
2025-04-10 02:12:24,869 - INFO - Running: brew install typst
2025-04-10 02:12:25,898 - INFO - Installing typstyle with Homebrew...
2025-04-10 02:12:25,898 - INFO - Running: brew install typstyle
2025-04-10 02:12:26,920 - INFO - Installing xsv with Homebrew...
2025-04-10 02:12:26,920 - INFO - Running: brew install xsv
2025-04-10 02:12:27,946 - INFO - Installing yazi with Homebrew...
2025-04-10 02:12:27,946 - INFO - Running: brew install yazi
2025-04-10 02:12:29,049 - INFO - Installing zellij with Homebrew...
2025-04-10 02:12:29,049 - INFO - Running: brew install zellij
2025-04-10 02:12:30,107 - INFO - Installing zoxide with Homebrew...
2025-04-10 02:12:30,107 - INFO - Running: brew install zoxide
2025-04-10 02:12:31,120 - INFO - Installing basedpyright with uv...
2025-04-10 02:12:31,120 - INFO - Running: uv tool install basedpyright
2025-04-10 02:12:31,131 - INFO - Installing csvkit with uv...
2025-04-10 02:12:31,131 - INFO - Running: uv tool install csvkit
2025-04-10 02:12:31,142 - INFO - Installing gds3xtrude with uv...
2025-04-10 02:12:31,142 - INFO - Running: uv tool install gds3xtrude
2025-04-10 02:12:31,153 - INFO - Installing ipython with uv...
2025-04-10 02:12:31,153 - INFO - Running: uv tool install ipython
2025-04-10 02:12:31,165 - INFO - Installing jupyterlab with uv...
2025-04-10 02:12:31,165 - INFO - Running: uv tool install jupyterlab
2025-04-10 02:12:31,176 - INFO - Installing jupytext with uv...
2025-04-10 02:12:31,176 - INFO - Running: uv tool install jupytext
2025-04-10 02:12:31,187 - INFO - Installing ptpython with uv...
2025-04-10 02:12:31,187 - INFO - Running: uv tool install ptpython
2025-04-10 02:12:31,198 - INFO - Installing rich-cli with uv...
2025-04-10 02:12:31,198 - INFO - Running: uv tool install rich-cli
2025-04-10 02:12:31,209 - INFO - Installing ruff with uv...
2025-04-10 02:12:31,209 - INFO - Running: uv tool install ruff
2025-04-10 02:12:31,220 - INFO - Installing tldr with uv...
2025-04-10 02:12:31,220 - INFO - Running: uv tool install tldr
2025-04-10 02:12:31,231 - INFO - Installing trash-cli with uv...
2025-04-10 02:12:31,231 - INFO - Running: uv tool install trash-cli
2025-04-10 02:12:31,242 - INFO - Installation process complete!
2025-04-10 02:29:41,162 - INFO - Loading configuration from packages.toml
2025-04-10 02:29:41,162 - ERROR - Failed to load config file: Unclosed array (at line 31, column 5)
2025-04-10 02:30:49,935 - INFO - Loading configuration from packages.toml
2025-04-10 02:30:49,937 - INFO - Running: sudo apt update
2025-04-10 02:30:58,892 - INFO - Installing bat with apt...
2025-04-10 02:30:58,892 - INFO - Running: sudo apt install -y bat
2025-04-10 02:30:59,394 - INFO - Installing btop with apt...
2025-04-10 02:30:59,394 - INFO - Running: sudo apt install -y btop
2025-04-10 02:30:59,898 - INFO - Installing cowsay with apt...
2025-04-10 02:30:59,898 - INFO - Running: sudo apt install -y cowsay
2025-04-10 02:31:00,413 - INFO - Installing culmus with apt...
2025-04-10 02:31:00,413 - INFO - Running: sudo apt install -y culmus
2025-04-10 02:31:00,913 - INFO - Installing distrobox with apt...
2025-04-10 02:31:00,913 - INFO - Running: sudo apt install -y distrobox
2025-04-10 02:31:01,414 - INFO - Installing fd-find with apt...
2025-04-10 02:31:01,414 - INFO - Running: sudo apt install -y fd-find
2025-04-10 02:31:01,917 - INFO - Installing git with apt...
2025-04-10 02:31:01,917 - INFO - Running: sudo apt install -y git
2025-04-10 02:31:02,423 - INFO - Installing htop with apt...
2025-04-10 02:31:02,423 - INFO - Running: sudo apt install -y htop
2025-04-10 02:31:02,926 - INFO - Installing hunspell with apt...
2025-04-10 02:31:02,926 - INFO - Running: sudo apt install -y hunspell
2025-04-10 02:31:03,433 - INFO - Installing hunspell-he with apt...
2025-04-10 02:31:03,433 - INFO - Running: sudo apt install -y hunspell-he
2025-04-10 02:31:03,938 - INFO - Installing markdown with apt...
2025-04-10 02:31:03,938 - INFO - Running: sudo apt install -y markdown
2025-04-10 02:31:04,452 - INFO - Installing miller with apt...
2025-04-10 02:31:04,452 - INFO - Running: sudo apt install -y miller
2025-04-10 02:31:04,959 - INFO - Installing nala with apt...
2025-04-10 02:31:04,959 - INFO - Running: sudo apt install -y nala
2025-04-10 02:31:05,471 - INFO - Installing pandoc with apt...
2025-04-10 02:31:05,471 - INFO - Running: sudo apt install -y pandoc
2025-04-10 02:31:05,977 - INFO - Installing podman with apt...
2025-04-10 02:31:05,977 - INFO - Running: sudo apt install -y podman
2025-04-10 02:31:06,482 - INFO - Installing xclip with apt...
2025-04-10 02:31:06,482 - INFO - Running: sudo apt install -y xclip
2025-04-10 02:31:06,987 - INFO - Installing xsel with apt...
2025-04-10 02:31:06,987 - INFO - Running: sudo apt install -y xsel
2025-04-10 02:31:07,488 - INFO - Installing copyq with apt...
2025-04-10 02:31:07,488 - INFO - Running: sudo apt install -y copyq
2025-04-10 02:31:07,994 - INFO - Installing feh with apt...
2025-04-10 02:31:07,994 - INFO - Running: sudo apt install -y feh
2025-04-10 02:31:08,499 - INFO - Installing foliate with apt...
2025-04-10 02:31:08,499 - INFO - Running: sudo apt install -y foliate
2025-04-10 02:31:09,008 - INFO - Installing easyeffects with apt...
2025-04-10 02:31:09,008 - INFO - Running: sudo apt install -y easyeffects
2025-04-10 02:31:09,526 - INFO - Installing inkscape with apt...
2025-04-10 02:31:09,526 - INFO - Running: sudo apt install -y inkscape
2025-04-10 02:31:10,037 - INFO - Installing inkscape-open-symbols with apt...
2025-04-10 02:31:10,037 - INFO - Running: sudo apt install -y inkscape-open-symbols
2025-04-10 02:31:10,552 - INFO - Installing inkscape-textext with apt...
2025-04-10 02:31:10,553 - INFO - Running: sudo apt install -y inkscape-textext
2025-04-10 02:31:11,064 - INFO - Installing jq with apt...
2025-04-10 02:31:11,064 - INFO - Running: sudo apt install -y jq
2025-04-10 02:31:11,571 - INFO - Installing kdeconnect with apt...
2025-04-10 02:31:11,571 - INFO - Running: sudo apt install -y kdeconnect
2025-04-10 02:31:12,080 - INFO - Installing klayout with apt...
2025-04-10 02:31:12,080 - INFO - Running: sudo apt install -y klayout
2025-04-10 02:31:12,585 - INFO - Installing konsole with apt...
2025-04-10 02:31:12,585 - INFO - Running: sudo apt install -y konsole
2025-04-10 02:31:13,092 - INFO - Installing krita with apt...
2025-04-10 02:31:13,092 - INFO - Running: sudo apt install -y krita
2025-04-10 02:31:13,601 - INFO - Installing lyx with apt...
2025-04-10 02:31:13,601 - INFO - Running: sudo apt install -y lyx
2025-04-10 02:31:14,106 - INFO - Installing meld with apt...
2025-04-10 02:31:14,106 - INFO - Running: sudo apt install -y meld
2025-04-10 02:31:14,615 - INFO - Installing mpv with apt...
2025-04-10 02:31:14,615 - INFO - Running: sudo apt install -y mpv
2025-04-10 02:31:15,122 - INFO - Installing nextcloud-desktop with apt...
2025-04-10 02:31:15,123 - INFO - Running: sudo apt install -y nextcloud-desktop
2025-04-10 02:31:15,631 - INFO - Installing qalc with apt...
2025-04-10 02:31:15,631 - INFO - Running: sudo apt install -y qalc
2025-04-10 02:31:16,136 - INFO - Installing qalculate-gtk with apt...
2025-04-10 02:31:16,136 - INFO - Running: sudo apt install -y qalculate-gtk
2025-04-10 02:31:16,640 - INFO - Installing q4wine with apt...
2025-04-10 02:31:16,640 - INFO - Running: sudo apt install -y q4wine
2025-04-10 02:31:17,147 - INFO - Installing qt5ct with apt...
2025-04-10 02:31:17,148 - INFO - Running: sudo apt install -y qt5ct
2025-04-10 02:31:17,652 - INFO - Installing remmina with apt...
2025-04-10 02:31:17,652 - INFO - Running: sudo apt install -y remmina
2025-04-10 02:31:18,161 - INFO - Installing remmina-plugin-rdp with apt...
2025-04-10 02:31:18,161 - INFO - Running: sudo apt install -y remmina-plugin-rdp
2025-04-10 02:31:18,669 - INFO - Installing remmina-plugin-vnc with apt...
2025-04-10 02:31:18,669 - INFO - Running: sudo apt install -y remmina-plugin-vnc
2025-04-10 02:31:19,176 - INFO - Installing ripgrep with apt...
2025-04-10 02:31:19,176 - INFO - Running: sudo apt install -y ripgrep
2025-04-10 02:31:19,680 - INFO - Installing stow with apt...
2025-04-10 02:31:19,680 - INFO - Running: sudo apt install -y stow
2025-04-10 02:31:20,191 - INFO - Installing texstudio with apt...
2025-04-10 02:31:20,191 - INFO - Running: sudo apt install -y texstudio
2025-04-10 02:31:20,706 - INFO - Installing tree with apt...
2025-04-10 02:31:20,706 - INFO - Running: sudo apt install -y tree
2025-04-10 02:31:21,210 - INFO - Installing ttf-mscorefonts-installer with apt...
2025-04-10 02:31:21,210 - INFO - Running: sudo apt install -y ttf-mscorefonts-installer
2025-04-10 02:31:21,719 - INFO - Installing timeshift with apt...
2025-04-10 02:31:21,719 - INFO - Running: sudo apt install -y timeshift
2025-04-10 02:31:22,225 - INFO - Installing virt-manager with apt...
2025-04-10 02:31:22,225 - INFO - Running: sudo apt install -y virt-manager
2025-04-10 02:31:22,733 - INFO - Installing vlc with apt...
2025-04-10 02:31:22,733 - INFO - Running: sudo apt install -y vlc
2025-04-10 02:31:23,239 - INFO - Installing vokoscreen-ng with apt...
2025-04-10 02:31:23,240 - INFO - Running: sudo apt install -y vokoscreen-ng
2025-04-10 02:31:23,749 - INFO - Installing xournalpp with apt...
2025-04-10 02:31:23,749 - INFO - Running: sudo apt install -y xournalpp
2025-04-10 02:31:24,260 - INFO - Installing zathura with apt...
2025-04-10 02:31:24,261 - INFO - Running: sudo apt install -y zathura
2025-04-10 02:31:24,778 - INFO - Installing zathura-djvu with apt...
2025-04-10 02:31:24,779 - INFO - Running: sudo apt install -y zathura-djvu
2025-04-10 02:31:25,284 - INFO - Installing zathura-pdf-poppler with apt...
2025-04-10 02:31:25,284 - INFO - Running: sudo apt install -y zathura-pdf-poppler
2025-04-10 02:31:25,793 - INFO - Installing zathura-ps with apt...
2025-04-10 02:31:25,793 - INFO - Running: sudo apt install -y zathura-ps
2025-04-10 02:31:26,308 - INFO - Installing zim with apt...
2025-04-10 02:31:26,308 - INFO - Running: sudo apt install -y zim
2025-04-10 02:31:26,813 - INFO - Installing zim-tools with apt...
2025-04-10 02:31:26,813 - INFO - Running: sudo apt install -y zim-tools
2025-04-10 02:31:27,317 - INFO - Running: flatpak remote-add --if-not-exists flathub-verified https://flathub.org/repo/flathub.flatpakrepo
2025-04-10 02:31:27,943 - INFO - Installing com.bitwarden.desktop with flatpak...
2025-04-10 02:31:27,943 - INFO - Running: flatpak install -y flathub-verified com.bitwarden.desktop
2025-04-10 02:31:28,602 - INFO - Installing com.github.flxzt.rnote with flatpak...
2025-04-10 02:31:28,602 - INFO - Running: flatpak install -y flathub-verified com.github.flxzt.rnote
2025-04-10 02:31:29,028 - INFO - Installing com.zettlr.Zettlr with flatpak...
2025-04-10 02:31:29,028 - INFO - Running: flatpak install -y flathub-verified com.zettlr.Zettlr
2025-04-10 02:31:29,405 - INFO - Installing io.freetubeapp.FreeTube with flatpak...
2025-04-10 02:31:29,405 - INFO - Running: flatpak install -y flathub-verified io.freetubeapp.FreeTube
2025-04-10 02:31:29,813 - INFO - Installing io.github.ungoogled_software.ungoogled_chromium with flatpak...
2025-04-10 02:31:29,813 - INFO - Running: flatpak install -y flathub-verified io.github.ungoogled_software.ungoogled_chromium
2025-04-10 02:31:30,241 - INFO - Installing io.github.voxelcubes.hand-tex with flatpak...
2025-04-10 02:31:30,241 - INFO - Running: flatpak install -y flathub-verified io.github.voxelcubes.hand-tex
2025-04-10 02:31:30,636 - INFO - Installing io.gitlab.librewolf-community with flatpak...
2025-04-10 02:31:30,636 - INFO - Running: flatpak install -y flathub-verified io.gitlab.librewolf-community
2025-04-10 02:31:31,014 - INFO - Installing org.gimp.GIMP with flatpak...
2025-04-10 02:31:31,015 - INFO - Running: flatpak install -y flathub-verified org.gimp.GIMP
2025-04-10 02:31:31,401 - INFO - Installing org.jabref.jabref with flatpak...
2025-04-10 02:31:31,401 - INFO - Running: flatpak install -y flathub-verified org.jabref.jabref
2025-04-10 02:31:31,740 - INFO - Installing org.kde.falkon with flatpak...
2025-04-10 02:31:31,740 - INFO - Running: flatpak install -y flathub-verified org.kde.falkon
2025-04-10 02:31:32,140 - INFO - Installing org.rncbc.qpwgraph with flatpak...
2025-04-10 02:31:32,140 - INFO - Running: flatpak install -y flathub-verified org.rncbc.qpwgraph
2025-04-10 02:31:32,540 - INFO - Running: brew update
2025-04-10 02:31:35,587 - INFO - Installing atuin with Homebrew...
2025-04-10 02:31:35,587 - INFO - Running: brew install atuin
2025-04-10 02:31:36,943 - INFO - Installing bat with Homebrew...
2025-04-10 02:31:36,944 - INFO - Running: brew install bat
2025-04-10 02:31:37,959 - INFO - Installing carapace with Homebrew...
2025-04-10 02:31:37,959 - INFO - Running: brew install carapace
2025-04-10 02:31:38,972 - INFO - Installing difftastic with Homebrew...
2025-04-10 02:31:38,972 - INFO - Running: brew install difftastic
2025-04-10 02:31:39,956 - INFO - Installing dust with Homebrew...
2025-04-10 02:31:39,956 - INFO - Running: brew install dust
2025-04-10 02:31:40,964 - INFO - Installing eza with Homebrew...
2025-04-10 02:31:40,964 - INFO - Running: brew install eza
2025-04-10 02:31:41,977 - INFO - Installing fzf with Homebrew...
2025-04-10 02:31:41,978 - INFO - Running: brew install fzf
2025-04-10 02:31:42,994 - INFO - Installing fd with Homebrew...
2025-04-10 02:31:42,995 - INFO - Running: brew install fd
2025-04-10 02:31:44,057 - INFO - Installing git-delta with Homebrew...
2025-04-10 02:31:44,057 - INFO - Running: brew install git-delta
2025-04-10 02:31:45,069 - INFO - Installing glow with Homebrew...
2025-04-10 02:31:45,069 - INFO - Running: brew install glow
2025-04-10 02:31:46,039 - INFO - Installing helix with Homebrew...
2025-04-10 02:31:46,039 - INFO - Running: brew install helix
2025-04-10 02:31:47,052 - INFO - Installing just with Homebrew...
2025-04-10 02:31:47,053 - INFO - Running: brew install just
2025-04-10 02:31:48,049 - INFO - Installing lazygit with Homebrew...
2025-04-10 02:31:48,049 - INFO - Running: brew install lazygit
2025-04-10 02:31:49,053 - INFO - Installing markdown-oxide with Homebrew...
2025-04-10 02:31:49,053 - INFO - Running: brew install markdown-oxide
2025-04-10 02:31:50,035 - INFO - Installing navi with Homebrew...
2025-04-10 02:31:50,035 - INFO - Running: brew install navi
2025-04-10 02:31:51,033 - INFO - Installing nushell with Homebrew...
2025-04-10 02:31:51,033 - INFO - Running: brew install nushell
2025-04-10 02:31:52,042 - INFO - Installing procs with Homebrew...
2025-04-10 02:31:52,042 - INFO - Running: brew install procs
2025-04-10 02:31:53,053 - INFO - Installing sd with Homebrew...
2025-04-10 02:31:53,053 - INFO - Running: brew install sd
2025-04-10 02:31:54,075 - INFO - Installing ripgrep with Homebrew...
2025-04-10 02:31:54,075 - INFO - Running: brew install ripgrep
2025-04-10 02:31:55,090 - INFO - Installing syncthing with Homebrew...
2025-04-10 02:31:55,090 - INFO - Running: brew install syncthing
2025-04-10 02:31:56,137 - INFO - Installing texlab with Homebrew...
2025-04-10 02:31:56,137 - INFO - Running: brew install texlab
2025-04-10 02:31:57,172 - INFO - Installing tidy-viewer with Homebrew...
2025-04-10 02:31:57,172 - INFO - Running: brew install tidy-viewer
2025-04-10 02:31:58,211 - INFO - Installing tinymist with Homebrew...
2025-04-10 02:31:58,211 - INFO - Running: brew install tinymist
2025-04-10 02:31:59,233 - INFO - Installing typst with Homebrew...
2025-04-10 02:31:59,234 - INFO - Running: brew install typst
2025-04-10 02:32:00,256 - INFO - Installing typstyle with Homebrew...
2025-04-10 02:32:00,256 - INFO - Running: brew install typstyle
2025-04-10 02:32:01,291 - INFO - Installing xsv with Homebrew...
2025-04-10 02:32:01,291 - INFO - Running: brew install xsv
2025-04-10 02:32:02,311 - INFO - Installing yazi with Homebrew...
2025-04-10 02:32:02,311 - INFO - Running: brew install yazi
2025-04-10 02:32:03,326 - INFO - Installing zellij with Homebrew...
2025-04-10 02:32:03,326 - INFO - Running: brew install zellij
2025-04-10 02:32:04,347 - INFO - Installing zoxide with Homebrew...
2025-04-10 02:32:04,347 - INFO - Running: brew install zoxide
2025-04-10 02:32:05,361 - INFO - Installing basedpyright with uv...
2025-04-10 02:32:05,361 - INFO - Running: uv tool install basedpyright
2025-04-10 02:32:05,372 - INFO - Installing csvkit with uv...
2025-04-10 02:32:05,372 - INFO - Running: uv tool install csvkit
2025-04-10 02:32:05,383 - INFO - Installing gds3xtrude with uv...
2025-04-10 02:32:05,383 - INFO - Running: uv tool install gds3xtrude
2025-04-10 02:32:05,394 - INFO - Installing ipython with uv...
2025-04-10 02:32:05,394 - INFO - Running: uv tool install ipython
2025-04-10 02:32:05,405 - INFO - Installing jupyterlab with uv...
2025-04-10 02:32:05,405 - INFO - Running: uv tool install jupyterlab
2025-04-10 02:32:05,416 - INFO - Installing jupytext with uv...
2025-04-10 02:32:05,416 - INFO - Running: uv tool install jupytext
2025-04-10 02:32:05,428 - INFO - Installing ptpython with uv...
2025-04-10 02:32:05,428 - INFO - Running: uv tool install ptpython
2025-04-10 02:32:05,439 - INFO - Installing rich-cli with uv...
2025-04-10 02:32:05,439 - INFO - Running: uv tool install rich-cli
2025-04-10 02:32:05,449 - INFO - Installing ruff with uv...
2025-04-10 02:32:05,450 - INFO - Running: uv tool install ruff
2025-04-10 02:32:05,460 - INFO - Installing tldr with uv...
2025-04-10 02:32:05,460 - INFO - Running: uv tool install tldr
2025-04-10 02:32:05,472 - INFO - Installing trash-cli with uv...
2025-04-10 02:32:05,472 - INFO - Running: uv tool install trash-cli
2025-04-10 02:32:05,484 - INFO - Installation process complete!
2025-04-10 09:47:51,263 - INFO - Loading configuration from packages.toml
2025-04-10 09:47:51,265 - INFO - Running: sudo apt update
2025-04-10 09:48:07,882 - INFO - Installing bat with apt...
2025-04-10 09:48:07,883 - INFO - Running: sudo apt install -y bat
2025-04-10 09:48:08,575 - INFO - Installing btop with apt...
2025-04-10 09:48:08,576 - INFO - Running: sudo apt install -y btop
2025-04-10 09:48:09,264 - INFO - Installing cowsay with apt...
2025-04-10 09:48:09,265 - INFO - Running: sudo apt install -y cowsay
2025-04-10 09:48:11,692 - INFO - Installing culmus with apt...
2025-04-10 09:48:11,692 - INFO - Running: sudo apt install -y culmus
2025-04-10 09:48:12,397 - INFO - Installing distrobox with apt...
2025-04-10 09:48:12,397 - INFO - Running: sudo apt install -y distrobox
2025-04-10 09:48:13,057 - INFO - Installing fd-find with apt...
2025-04-10 09:48:13,057 - INFO - Running: sudo apt install -y fd-find
2025-04-10 09:48:13,730 - INFO - Installing git with apt...
2025-04-10 09:48:13,731 - INFO - Running: sudo apt install -y git
2025-04-10 09:48:14,375 - INFO - Installing htop with apt...
2025-04-10 09:48:14,375 - INFO - Running: sudo apt install -y htop
2025-04-10 09:48:17,817 - INFO - Installing hunspell with apt...
2025-04-10 09:48:17,817 - INFO - Running: sudo apt install -y hunspell
2025-04-10 09:48:20,801 - INFO - Installing hunspell-he with apt...
2025-04-10 09:48:20,801 - INFO - Running: sudo apt install -y hunspell-he
2025-04-10 09:48:23,431 - INFO - Installing markdown with apt...
2025-04-10 09:48:23,431 - INFO - Running: sudo apt install -y markdown
2025-04-10 09:48:26,990 - INFO - Installing miller with apt...
2025-04-10 09:48:26,990 - INFO - Running: sudo apt install -y miller
2025-04-10 09:48:27,685 - INFO - Installing nala with apt...
2025-04-10 09:48:27,685 - INFO - Running: sudo apt install -y nala
2025-04-10 09:48:28,363 - INFO - Installing pandoc with apt...
2025-04-10 09:48:28,364 - INFO - Running: sudo apt install -y pandoc
2025-04-10 09:48:29,040 - INFO - Installing podman with apt...
2025-04-10 09:48:29,041 - INFO - Running: sudo apt install -y podman
2025-04-10 09:48:29,708 - INFO - Installing xclip with apt...
2025-04-10 09:48:29,708 - INFO - Running: sudo apt install -y xclip
2025-04-10 09:48:30,390 - INFO - Installing xsel with apt...
2025-04-10 09:48:30,391 - INFO - Running: sudo apt install -y xsel
2025-04-10 09:48:31,062 - INFO - Installing copyq with apt...
2025-04-10 09:48:31,062 - INFO - Running: sudo apt install -y copyq
2025-04-10 09:48:31,739 - INFO - Installing feh with apt...
2025-04-10 09:48:31,739 - INFO - Running: sudo apt install -y feh
2025-04-10 09:48:32,406 - INFO - Installing foliate with apt...
2025-04-10 09:48:32,407 - INFO - Running: sudo apt install -y foliate
2025-04-10 09:48:35,543 - INFO - Installing easyeffects with apt...
2025-04-10 09:48:35,543 - INFO - Running: sudo apt install -y easyeffects
2025-04-10 09:48:36,255 - INFO - Installing inkscape with apt...
2025-04-10 09:48:36,255 - INFO - Running: sudo apt install -y inkscape
2025-04-10 09:48:36,942 - INFO - Installing inkscape-open-symbols with apt...
2025-04-10 09:48:36,942 - INFO - Running: sudo apt install -y inkscape-open-symbols
2025-04-10 09:48:39,397 - INFO - Installing inkscape-textext with apt...
2025-04-10 09:48:39,397 - INFO - Running: sudo apt install -y inkscape-textext
2025-04-10 09:48:41,877 - INFO - Installing jq with apt...
2025-04-10 09:48:41,877 - INFO - Running: sudo apt install -y jq
2025-04-10 09:48:42,595 - INFO - Installing kdeconnect with apt...
2025-04-10 09:48:42,595 - INFO - Running: sudo apt install -y kdeconnect
2025-04-10 09:48:51,658 - INFO - Installing klayout with apt...
2025-04-10 09:48:51,658 - INFO - Running: sudo apt install -y klayout
2025-04-10 09:48:58,919 - INFO - Installing konsole with apt...
2025-04-10 09:48:58,919 - INFO - Running: sudo apt install -y konsole
2025-04-10 09:48:59,617 - INFO - Installing krita with apt...
2025-04-10 09:48:59,617 - INFO - Running: sudo apt install -y krita
2025-04-10 09:49:00,310 - INFO - Installing lyx with apt...
2025-04-10 09:49:00,310 - INFO - Running: sudo apt install -y lyx
2025-04-10 09:49:00,990 - INFO - Installing meld with apt...
2025-04-10 09:49:00,990 - INFO - Running: sudo apt install -y meld
2025-04-10 09:49:01,698 - INFO - Installing mpv with apt...
2025-04-10 09:49:01,698 - INFO - Running: sudo apt install -y mpv
2025-04-10 09:49:02,387 - INFO - Installing nextcloud-desktop with apt...
2025-04-10 09:49:02,387 - INFO - Running: sudo apt install -y nextcloud-desktop
2025-04-10 09:49:03,073 - INFO - Installing qalc with apt...
2025-04-10 09:49:03,073 - INFO - Running: sudo apt install -y qalc
2025-04-10 09:49:03,773 - INFO - Installing qalculate-gtk with apt...
2025-04-10 09:49:03,773 - INFO - Running: sudo apt install -y qalculate-gtk
2025-04-10 09:49:04,450 - INFO - Installing q4wine with apt...
2025-04-10 09:49:04,450 - INFO - Running: sudo apt install -y q4wine
2025-04-10 09:49:05,087 - INFO - Installing qt5ct with apt...
2025-04-10 09:49:05,087 - INFO - Running: sudo apt install -y qt5ct
2025-04-10 09:49:05,763 - INFO - Installing remmina with apt...
2025-04-10 09:49:05,763 - INFO - Running: sudo apt install -y remmina
2025-04-10 09:49:13,215 - INFO - Installing remmina-plugin-rdp with apt...
2025-04-10 09:49:13,215 - INFO - Running: sudo apt install -y remmina-plugin-rdp
2025-04-10 09:49:13,908 - INFO - Installing remmina-plugin-vnc with apt...
2025-04-10 09:49:13,909 - INFO - Running: sudo apt install -y remmina-plugin-vnc
2025-04-10 09:49:14,607 - INFO - Installing ripgrep with apt...
2025-04-10 09:49:14,607 - INFO - Running: sudo apt install -y ripgrep
2025-04-10 09:49:15,265 - INFO - Installing stow with apt...
2025-04-10 09:49:15,265 - INFO - Running: sudo apt install -y stow
2025-04-10 09:49:15,954 - INFO - Installing texstudio with apt...
2025-04-10 09:49:15,954 - INFO - Running: sudo apt install -y texstudio
2025-04-10 09:49:16,642 - INFO - Installing tree with apt...
2025-04-10 09:49:16,642 - INFO - Running: sudo apt install -y tree
2025-04-10 09:49:19,603 - INFO - Installing ttf-mscorefonts-installer with apt...
2025-04-10 09:49:19,603 - INFO - Running: sudo apt install -y ttf-mscorefonts-installer
2025-04-10 09:49:20,269 - INFO - Installing timeshift with apt...
2025-04-10 09:49:20,269 - INFO - Running: sudo apt install -y timeshift
2025-04-10 09:49:20,969 - INFO - Installing virt-manager with apt...
2025-04-10 09:49:20,969 - INFO - Running: sudo apt install -y virt-manager
2025-04-10 09:49:21,659 - INFO - Installing vlc with apt...
2025-04-10 09:49:21,659 - INFO - Running: sudo apt install -y vlc
2025-04-10 09:49:22,342 - INFO - Installing vokoscreen-ng with apt...
2025-04-10 09:49:22,342 - INFO - Running: sudo apt install -y vokoscreen-ng
2025-04-10 09:49:28,623 - INFO - Installing xournalpp with apt...
2025-04-10 09:49:28,623 - INFO - Running: sudo apt install -y xournalpp
2025-04-10 09:49:29,319 - INFO - Installing zathura with apt...
2025-04-10 09:49:29,319 - INFO - Running: sudo apt install -y zathura
2025-04-10 09:49:29,983 - INFO - Installing zathura-djvu with apt...
2025-04-10 09:49:29,983 - INFO - Running: sudo apt install -y zathura-djvu
2025-04-10 09:49:30,675 - INFO - Installing zathura-pdf-poppler with apt...
2025-04-10 09:49:30,675 - INFO - Running: sudo apt install -y zathura-pdf-poppler
2025-04-10 09:49:31,385 - INFO - Installing zathura-ps with apt...
2025-04-10 09:49:31,386 - INFO - Running: sudo apt install -y zathura-ps
2025-04-10 09:49:32,079 - INFO - Installing zim with apt...
2025-04-10 09:49:32,079 - INFO - Running: sudo apt install -y zim
2025-04-10 09:49:32,755 - INFO - Installing zim-tools with apt...
2025-04-10 09:49:32,755 - INFO - Running: sudo apt install -y zim-tools
2025-04-10 09:49:36,354 - INFO - Running: flatpak remote-add --if-not-exists flathub-verified https://flathub.org/repo/flathub.flatpakrepo
2025-04-10 09:49:42,033 - INFO - Installing com.bitwarden.desktop with flatpak...
2025-04-10 09:49:42,033 - INFO - Running: flatpak install -y flathub-verified com.bitwarden.desktop
2025-04-10 09:49:42,836 - INFO - Installing com.github.flxzt.rnote with flatpak...
2025-04-10 09:49:42,836 - INFO - Running: flatpak install -y flathub-verified com.github.flxzt.rnote
2025-04-10 09:49:43,275 - INFO - Installing com.zettlr.Zettlr with flatpak...
2025-04-10 09:49:43,275 - INFO - Running: flatpak install -y flathub-verified com.zettlr.Zettlr
2025-04-10 09:49:48,757 - INFO - Installing io.freetubeapp.FreeTube with flatpak...
2025-04-10 09:49:48,757 - INFO - Running: flatpak install -y flathub-verified io.freetubeapp.FreeTube
2025-04-10 09:49:49,149 - INFO - Installing io.github.ungoogled_software.ungoogled_chromium with flatpak...
2025-04-10 09:49:49,149 - INFO - Running: flatpak install -y flathub-verified io.github.ungoogled_software.ungoogled_chromium
2025-04-10 09:49:49,555 - INFO - Installing io.github.voxelcubes.hand-tex with flatpak...
2025-04-10 09:49:49,555 - INFO - Running: flatpak install -y flathub-verified io.github.voxelcubes.hand-tex
2025-04-10 09:49:54,972 - INFO - Installing io.gitlab.librewolf-community with flatpak...
2025-04-10 09:49:54,973 - INFO - Running: flatpak install -y flathub-verified io.gitlab.librewolf-community
2025-04-10 09:49:55,392 - INFO - Installing org.gimp.GIMP with flatpak...
2025-04-10 09:49:55,393 - INFO - Running: flatpak install -y flathub-verified org.gimp.GIMP
2025-04-10 09:49:55,789 - INFO - Installing org.jabref.jabref with flatpak...
2025-04-10 09:49:55,789 - INFO - Running: flatpak install -y flathub-verified org.jabref.jabref
2025-04-10 09:49:56,190 - INFO - Installing org.kde.falkon with flatpak...
2025-04-10 09:49:56,190 - INFO - Running: flatpak install -y flathub-verified org.kde.falkon
2025-04-10 09:49:56,597 - INFO - Installing org.rncbc.qpwgraph with flatpak...
2025-04-10 09:49:56,597 - INFO - Running: flatpak install -y flathub-verified org.rncbc.qpwgraph
2025-04-10 09:49:57,028 - INFO - Running: brew update
2025-04-10 09:50:07,249 - INFO - Installing atuin with Homebrew...
2025-04-10 09:50:07,249 - INFO - Running: brew install atuin
2025-04-10 09:50:08,556 - INFO - Installing bat with Homebrew...
2025-04-10 09:50:08,556 - INFO - Running: brew install bat
2025-04-10 09:50:17,380 - INFO - Installing carapace with Homebrew...
2025-04-10 09:50:17,380 - INFO - Running: brew install carapace
2025-04-10 09:50:18,597 - INFO - Installing difftastic with Homebrew...
2025-04-10 09:50:18,597 - INFO - Running: brew install difftastic
2025-04-10 09:50:19,930 - INFO - Installing dust with Homebrew...
2025-04-10 09:50:19,930 - INFO - Running: brew install dust
2025-04-10 09:50:21,120 - INFO - Installing eza with Homebrew...
2025-04-10 09:50:21,121 - INFO - Running: brew install eza
2025-04-10 09:50:22,257 - INFO - Installing fzf with Homebrew...
2025-04-10 09:50:22,257 - INFO - Running: brew install fzf
2025-04-10 09:50:23,476 - INFO - Installing fd with Homebrew...
2025-04-10 09:50:23,476 - INFO - Running: brew install fd
2025-04-10 09:50:32,203 - INFO - Installing git-delta with Homebrew...
2025-04-10 09:50:32,203 - INFO - Running: brew install git-delta
2025-04-10 09:50:33,461 - INFO - Installing glow with Homebrew...
2025-04-10 09:50:33,462 - INFO - Running: brew install glow
2025-04-10 09:50:34,792 - INFO - Installing helix with Homebrew...
2025-04-10 09:50:34,792 - INFO - Running: brew install helix
2025-04-10 09:50:36,180 - INFO - Installing just with Homebrew...
2025-04-10 09:50:36,180 - INFO - Running: brew install just
2025-04-10 09:50:37,533 - INFO - Installing lazygit with Homebrew...
2025-04-10 09:50:37,533 - INFO - Running: brew install lazygit
2025-04-10 09:50:38,873 - INFO - Installing markdown-oxide with Homebrew...
2025-04-10 09:50:38,873 - INFO - Running: brew install markdown-oxide
2025-04-10 09:50:40,072 - INFO - Installing navi with Homebrew...
2025-04-10 09:50:40,073 - INFO - Running: brew install navi
2025-04-10 09:50:41,403 - INFO - Installing nushell with Homebrew...
2025-04-10 09:50:41,403 - INFO - Running: brew install nushell
2025-04-10 09:50:42,753 - INFO - Installing procs with Homebrew...
2025-04-10 09:50:42,754 - INFO - Running: brew install procs
2025-04-10 09:50:44,067 - INFO - Installing sd with Homebrew...
2025-04-10 09:50:44,067 - INFO - Running: brew install sd
2025-04-10 09:50:45,362 - INFO - Installing ripgrep with Homebrew...
2025-04-10 09:50:45,362 - INFO - Running: brew install ripgrep
2025-04-10 09:50:52,621 - INFO - Installing syncthing with Homebrew...
2025-04-10 09:50:52,621 - INFO - Running: brew install syncthing
2025-04-10 09:50:54,005 - INFO - Installing texlab with Homebrew...
2025-04-10 09:50:54,006 - INFO - Running: brew install texlab
2025-04-10 09:50:55,390 - INFO - Installing tidy-viewer with Homebrew...
2025-04-10 09:50:55,391 - INFO - Running: brew install tidy-viewer
2025-04-10 09:50:56,760 - INFO - Installing tinymist with Homebrew...
2025-04-10 09:50:56,760 - INFO - Running: brew install tinymist
2025-04-10 09:50:58,134 - INFO - Installing typst with Homebrew...
2025-04-10 09:50:58,134 - INFO - Running: brew install typst
2025-04-10 09:50:59,507 - INFO - Installing typstyle with Homebrew...
2025-04-10 09:50:59,509 - INFO - Running: brew install typstyle
2025-04-10 09:51:00,902 - INFO - Installing xsv with Homebrew...
2025-04-10 09:51:00,902 - INFO - Running: brew install xsv
2025-04-10 09:51:02,270 - INFO - Installing yazi with Homebrew...
2025-04-10 09:51:02,270 - INFO - Running: brew install yazi
2025-04-10 09:51:03,679 - INFO - Installing zellij with Homebrew...
2025-04-10 09:51:03,679 - INFO - Running: brew install zellij
2025-04-10 09:51:05,055 - INFO - Installing zoxide with Homebrew...
2025-04-10 09:51:05,056 - INFO - Running: brew install zoxide
2025-04-10 09:51:06,380 - INFO - Installing basedpyright with uv...
2025-04-10 09:51:06,380 - INFO - Running: uv tool install basedpyright
2025-04-10 09:51:06,399 - INFO - Installing csvkit with uv...
2025-04-10 09:51:06,399 - INFO - Running: uv tool install csvkit
2025-04-10 09:51:06,425 - INFO - Installing gds3xtrude with uv...
2025-04-10 09:51:06,425 - INFO - Running: uv tool install gds3xtrude
2025-04-10 09:51:06,449 - INFO - Installing ipython with uv...
2025-04-10 09:51:06,449 - INFO - Running: uv tool install ipython
2025-04-10 09:51:06,851 - INFO - Installing jupyterlab with uv...
2025-04-10 09:51:06,851 - INFO - Running: uv tool install jupyterlab
2025-04-10 09:51:06,873 - INFO - Installing jupytext with uv...
2025-04-10 09:51:06,874 - INFO - Running: uv tool install jupytext
2025-04-10 09:51:06,899 - INFO - Installing ptpython with uv...
2025-04-10 09:51:06,899 - INFO - Running: uv tool install ptpython
2025-04-10 09:51:06,924 - INFO - Installing rich-cli with uv...
2025-04-10 09:51:06,924 - INFO - Running: uv tool install rich-cli
2025-04-10 09:51:06,948 - INFO - Installing ruff with uv...
2025-04-10 09:51:06,948 - INFO - Running: uv tool install ruff
2025-04-10 09:51:06,972 - INFO - Installing tldr with uv...
2025-04-10 09:51:06,973 - INFO - Running: uv tool install tldr
2025-04-10 09:51:06,997 - INFO - Installing trash-cli with uv...
2025-04-10 09:51:06,997 - INFO - Running: uv tool install trash-cli
2025-04-10 09:51:07,022 - INFO - Installation process complete!
2025-04-10 09:52:37,049 - INFO - Loading configuration from packages.toml
2025-04-10 09:52:37,051 - INFO - Running: sudo apt update
2025-04-10 09:52:49,590 - INFO - Installing bat with apt...
2025-04-10 09:52:49,590 - INFO - Running: sudo apt install -y bat
2025-04-10 09:52:50,276 - INFO - Installing btop with apt...
2025-04-10 09:52:50,276 - INFO - Running: sudo apt install -y btop
2025-04-10 09:52:50,974 - INFO - Installing cowsay with apt...
2025-04-10 09:52:50,975 - INFO - Running: sudo apt install -y cowsay
2025-04-10 09:52:51,633 - INFO - Installing culmus with apt...
2025-04-10 09:52:51,633 - INFO - Running: sudo apt install -y culmus
2025-04-10 09:52:52,316 - INFO - Installing distrobox with apt...
2025-04-10 09:52:52,316 - INFO - Running: sudo apt install -y distrobox
2025-04-10 09:52:52,980 - INFO - Installing fd-find with apt...
2025-04-10 09:52:52,980 - INFO - Running: sudo apt install -y fd-find
2025-04-10 09:52:53,688 - INFO - Installing git with apt...
2025-04-10 09:52:53,688 - INFO - Running: sudo apt install -y git
2025-04-10 09:52:54,346 - INFO - Installing htop with apt...
2025-04-10 09:52:54,346 - INFO - Running: sudo apt install -y htop
2025-04-10 09:52:55,031 - INFO - Installing hunspell with apt...
2025-04-10 09:52:55,031 - INFO - Running: sudo apt install -y hunspell
2025-04-10 09:52:55,730 - INFO - Installing hunspell-he with apt...
2025-04-10 09:52:55,730 - INFO - Running: sudo apt install -y hunspell-he
2025-04-10 09:52:56,427 - INFO - Installing markdown with apt...
2025-04-10 09:52:56,427 - INFO - Running: sudo apt install -y markdown
2025-04-10 09:52:57,085 - INFO - Installing miller with apt...
2025-04-10 09:52:57,085 - INFO - Running: sudo apt install -y miller
2025-04-10 09:52:57,750 - INFO - Installing nala with apt...
2025-04-10 09:52:57,750 - INFO - Running: sudo apt install -y nala
2025-04-10 09:52:58,425 - INFO - Installing pandoc with apt...
2025-04-10 09:52:58,425 - INFO - Running: sudo apt install -y pandoc
2025-04-10 09:52:59,109 - INFO - Installing podman with apt...
2025-04-10 09:52:59,109 - INFO - Running: sudo apt install -y podman
2025-04-10 09:52:59,807 - INFO - Installing xclip with apt...
2025-04-10 09:52:59,808 - INFO - Running: sudo apt install -y xclip
2025-04-10 09:53:00,510 - INFO - Installing xsel with apt...
2025-04-10 09:53:00,510 - INFO - Running: sudo apt install -y xsel
2025-04-10 09:53:01,201 - INFO - Installing copyq with apt...
2025-04-10 09:53:01,201 - INFO - Running: sudo apt install -y copyq
2025-04-10 09:53:01,876 - INFO - Installing feh with apt...
2025-04-10 09:53:01,876 - INFO - Running: sudo apt install -y feh
2025-04-10 09:53:02,549 - INFO - Installing foliate with apt...
2025-04-10 09:53:02,549 - INFO - Running: sudo apt install -y foliate
2025-04-10 09:53:03,236 - INFO - Installing easyeffects with apt...
2025-04-10 09:53:03,236 - INFO - Running: sudo apt install -y easyeffects
2025-04-10 09:53:03,923 - INFO - Installing inkscape with apt...
2025-04-10 09:53:03,923 - INFO - Running: sudo apt install -y inkscape
2025-04-10 09:53:04,603 - INFO - Installing inkscape-open-symbols with apt...
2025-04-10 09:53:04,603 - INFO - Running: sudo apt install -y inkscape-open-symbols
2025-04-10 09:53:05,309 - INFO - Installing inkscape-textext with apt...
2025-04-10 09:53:05,309 - INFO - Running: sudo apt install -y inkscape-textext
2025-04-10 09:53:05,995 - INFO - Installing jq with apt...
2025-04-10 09:53:05,995 - INFO - Running: sudo apt install -y jq
2025-04-10 09:53:06,673 - INFO - Installing kdeconnect with apt...
2025-04-10 09:53:06,673 - INFO - Running: sudo apt install -y kdeconnect
2025-04-10 09:53:07,377 - INFO - Installing klayout with apt...
2025-04-10 09:53:07,377 - INFO - Running: sudo apt install -y klayout
2025-04-10 09:53:08,083 - INFO - Installing konsole with apt...
2025-04-10 09:53:08,083 - INFO - Running: sudo apt install -y konsole
2025-04-10 09:53:08,779 - INFO - Installing krita with apt...
2025-04-10 09:53:08,779 - INFO - Running: sudo apt install -y krita
2025-04-10 09:53:09,468 - INFO - Installing lyx with apt...
2025-04-10 09:53:09,468 - INFO - Running: sudo apt install -y lyx
2025-04-10 09:53:10,129 - INFO - Installing meld with apt...
2025-04-10 09:53:10,129 - INFO - Running: sudo apt install -y meld
2025-04-10 09:53:10,806 - INFO - Installing mpv with apt...
2025-04-10 09:53:10,806 - INFO - Running: sudo apt install -y mpv
2025-04-10 09:53:11,444 - INFO - Installing nextcloud-desktop with apt...
2025-04-10 09:53:11,444 - INFO - Running: sudo apt install -y nextcloud-desktop
2025-04-10 09:53:12,125 - INFO - Installing qalc with apt...
2025-04-10 09:53:12,125 - INFO - Running: sudo apt install -y qalc
2025-04-10 09:53:12,829 - INFO - Installing qalculate-gtk with apt...
2025-04-10 09:53:12,829 - INFO - Running: sudo apt install -y qalculate-gtk
2025-04-10 09:53:13,511 - INFO - Installing q4wine with apt...
2025-04-10 09:53:13,511 - INFO - Running: sudo apt install -y q4wine
2025-04-10 09:53:14,212 - INFO - Installing qt5ct with apt...
2025-04-10 09:53:14,212 - INFO - Running: sudo apt install -y qt5ct
2025-04-10 09:53:14,892 - INFO - Installing remmina with apt...
2025-04-10 09:53:14,892 - INFO - Running: sudo apt install -y remmina
2025-04-10 09:53:15,575 - INFO - Installing remmina-plugin-rdp with apt...
2025-04-10 09:53:15,576 - INFO - Running: sudo apt install -y remmina-plugin-rdp
2025-04-10 09:53:16,287 - INFO - Installing remmina-plugin-vnc with apt...
2025-04-10 09:53:16,287 - INFO - Running: sudo apt install -y remmina-plugin-vnc
2025-04-10 09:53:16,971 - INFO - Installing ripgrep with apt...
2025-04-10 09:53:16,971 - INFO - Running: sudo apt install -y ripgrep
2025-04-10 09:53:17,649 - INFO - Installing stow with apt...
2025-04-10 09:53:17,649 - INFO - Running: sudo apt install -y stow
2025-04-10 09:53:18,328 - INFO - Installing texstudio with apt...
2025-04-10 09:53:18,329 - INFO - Running: sudo apt install -y texstudio
2025-04-10 09:53:19,005 - INFO - Installing tree with apt...
2025-04-10 09:53:19,005 - INFO - Running: sudo apt install -y tree
2025-04-10 09:53:19,674 - INFO - Installing ttf-mscorefonts-installer with apt...
2025-04-10 09:53:19,674 - INFO - Running: sudo apt install -y ttf-mscorefonts-installer
2025-04-10 09:53:20,341 - INFO - Installing timeshift with apt...
2025-04-10 09:53:20,341 - INFO - Running: sudo apt install -y timeshift
2025-04-10 09:53:21,004 - INFO - Installing virt-manager with apt...
2025-04-10 09:53:21,004 - INFO - Running: sudo apt install -y virt-manager
2025-04-10 09:53:21,683 - INFO - Installing vlc with apt...
2025-04-10 09:53:21,683 - INFO - Running: sudo apt install -y vlc
2025-04-10 09:53:22,367 - INFO - Installing vokoscreen-ng with apt...
2025-04-10 09:53:22,367 - INFO - Running: sudo apt install -y vokoscreen-ng
2025-04-10 09:53:23,039 - INFO - Installing xournalpp with apt...
2025-04-10 09:53:23,039 - INFO - Running: sudo apt install -y xournalpp
2025-04-10 09:53:23,734 - INFO - Installing zathura with apt...
2025-04-10 09:53:23,734 - INFO - Running: sudo apt install -y zathura
2025-04-10 09:53:24,419 - INFO - Installing zathura-djvu with apt...
2025-04-10 09:53:24,419 - INFO - Running: sudo apt install -y zathura-djvu
2025-04-10 09:53:25,128 - INFO - Installing zathura-pdf-poppler with apt...
2025-04-10 09:53:25,128 - INFO - Running: sudo apt install -y zathura-pdf-poppler
2025-04-10 09:53:25,814 - INFO - Installing zathura-ps with apt...
2025-04-10 09:53:25,815 - INFO - Running: sudo apt install -y zathura-ps
2025-04-10 09:53:26,515 - INFO - Installing zim with apt...
2025-04-10 09:53:26,515 - INFO - Running: sudo apt install -y zim
2025-04-10 09:53:27,213 - INFO - Installing zim-tools with apt...
2025-04-10 09:53:27,213 - INFO - Running: sudo apt install -y zim-tools
2025-04-10 09:53:27,900 - INFO - Running: flatpak remote-add --if-not-exists flathub-verified https://flathub.org/repo/flathub.flatpakrepo
2025-04-10 09:53:28,587 - INFO - Installing com.bitwarden.desktop with flatpak...
2025-04-10 09:53:28,587 - INFO - Running: flatpak install -y flathub-verified com.bitwarden.desktop
2025-04-10 09:53:29,133 - INFO - Installing com.github.flxzt.rnote with flatpak...
2025-04-10 09:53:29,134 - INFO - Running: flatpak install -y flathub-verified com.github.flxzt.rnote
2025-04-10 09:53:29,550 - INFO - Installing com.zettlr.Zettlr with flatpak...
2025-04-10 09:53:29,550 - INFO - Running: flatpak install -y flathub-verified com.zettlr.Zettlr
2025-04-10 09:53:29,964 - INFO - Installing io.freetubeapp.FreeTube with flatpak...
2025-04-10 09:53:29,964 - INFO - Running: flatpak install -y flathub-verified io.freetubeapp.FreeTube
2025-04-10 09:53:30,388 - INFO - Installing io.github.ungoogled_software.ungoogled_chromium with flatpak...
2025-04-10 09:53:30,389 - INFO - Running: flatpak install -y flathub-verified io.github.ungoogled_software.ungoogled_chromium
2025-04-10 09:53:30,808 - INFO - Installing io.github.voxelcubes.hand-tex with flatpak...
2025-04-10 09:53:30,809 - INFO - Running: flatpak install -y flathub-verified io.github.voxelcubes.hand-tex
2025-04-10 09:53:31,239 - INFO - Installing io.gitlab.librewolf-community with flatpak...
2025-04-10 09:53:31,239 - INFO - Running: flatpak install -y flathub-verified io.gitlab.librewolf-community
2025-04-10 09:53:31,667 - INFO - Installing org.gimp.GIMP with flatpak...
2025-04-10 09:53:31,668 - INFO - Running: flatpak install -y flathub-verified org.gimp.GIMP
2025-04-10 09:53:32,099 - INFO - Installing org.jabref.jabref with flatpak...
2025-04-10 09:53:32,099 - INFO - Running: flatpak install -y flathub-verified org.jabref.jabref
2025-04-10 09:53:32,502 - INFO - Installing org.kde.falkon with flatpak...
2025-04-10 09:53:32,502 - INFO - Running: flatpak install -y flathub-verified org.kde.falkon
2025-04-10 09:53:32,923 - INFO - Installing org.rncbc.qpwgraph with flatpak...
2025-04-10 09:53:32,923 - INFO - Running: flatpak install -y flathub-verified org.rncbc.qpwgraph
2025-04-10 09:53:33,351 - INFO - Running: brew update
2025-04-10 09:53:35,878 - INFO - Installing atuin with Homebrew...
2025-04-10 09:53:35,879 - INFO - Running: brew install atuin
2025-04-10 09:53:37,232 - INFO - Installing bat with Homebrew...
2025-04-10 09:53:37,232 - INFO - Running: brew install bat
2025-04-10 09:53:38,641 - INFO - Installing carapace with Homebrew...
2025-04-10 09:53:38,642 - INFO - Running: brew install carapace
2025-04-10 09:53:40,026 - INFO - Installing difftastic with Homebrew...
2025-04-10 09:53:40,026 - INFO - Running: brew install difftastic
2025-04-10 09:53:41,377 - INFO - Installing dust with Homebrew...
2025-04-10 09:53:41,377 - INFO - Running: brew install dust
2025-04-10 09:53:42,786 - INFO - Installing eza with Homebrew...
2025-04-10 09:53:42,786 - INFO - Running: brew install eza
2025-04-10 09:53:44,112 - INFO - Installing fzf with Homebrew...
2025-04-10 09:53:44,113 - INFO - Running: brew install fzf
2025-04-10 09:53:45,518 - INFO - Installing fd with Homebrew...
2025-04-10 09:53:45,518 - INFO - Running: brew install fd
2025-04-10 09:53:46,891 - INFO - Installing git-delta with Homebrew...
2025-04-10 09:53:46,891 - INFO - Running: brew install git-delta
2025-04-10 09:53:48,252 - INFO - Installing glow with Homebrew...
2025-04-10 09:53:48,253 - INFO - Running: brew install glow
2025-04-10 09:53:49,569 - INFO - Installing helix with Homebrew...
2025-04-10 09:53:49,569 - INFO - Running: brew install helix
2025-04-10 09:53:50,939 - INFO - Installing just with Homebrew...
2025-04-10 09:53:50,939 - INFO - Running: brew install just
2025-04-10 09:53:52,351 - INFO - Installing lazygit with Homebrew...
2025-04-10 09:53:52,351 - INFO - Running: brew install lazygit
2025-04-10 09:53:53,702 - INFO - Installing markdown-oxide with Homebrew...
2025-04-10 09:53:53,702 - INFO - Running: brew install markdown-oxide
2025-04-10 09:53:55,026 - INFO - Installing navi with Homebrew...
2025-04-10 09:53:55,053 - INFO - Running: brew install navi
2025-04-10 09:53:56,396 - INFO - Installing nushell with Homebrew...
2025-04-10 09:53:56,396 - INFO - Running: brew install nushell
2025-04-10 09:53:57,752 - INFO - Installing procs with Homebrew...
2025-04-10 09:53:57,752 - INFO - Running: brew install procs
2025-04-10 09:53:59,093 - INFO - Installing sd with Homebrew...
2025-04-10 09:53:59,093 - INFO - Running: brew install sd
2025-04-10 09:54:00,407 - INFO - Installing ripgrep with Homebrew...
2025-04-10 09:54:00,407 - INFO - Running: brew install ripgrep
2025-04-10 09:54:01,797 - INFO - Installing syncthing with Homebrew...
2025-04-10 09:54:01,797 - INFO - Running: brew install syncthing
2025-04-10 09:54:03,201 - INFO - Installing texlab with Homebrew...
2025-04-10 09:54:03,201 - INFO - Running: brew install texlab
2025-04-10 09:54:04,611 - INFO - Installing tidy-viewer with Homebrew...
2025-04-10 09:54:04,611 - INFO - Running: brew install tidy-viewer
2025-04-10 09:54:05,953 - INFO - Installing tinymist with Homebrew...
2025-04-10 09:54:05,954 - INFO - Running: brew install tinymist
2025-04-10 09:54:07,351 - INFO - Installing typst with Homebrew...
2025-04-10 09:54:07,351 - INFO - Running: brew install typst
2025-04-10 09:54:08,703 - INFO - Installing typstyle with Homebrew...
2025-04-10 09:54:08,703 - INFO - Running: brew install typstyle
2025-04-10 09:54:10,073 - INFO - Installing xsv with Homebrew...
2025-04-10 09:54:10,073 - INFO - Running: brew install xsv
2025-04-10 09:54:11,444 - INFO - Installing yazi with Homebrew...
2025-04-10 09:54:11,444 - INFO - Running: brew install yazi
2025-04-10 09:54:12,850 - INFO - Installing zellij with Homebrew...
2025-04-10 09:54:12,851 - INFO - Running: brew install zellij
2025-04-10 09:54:14,255 - INFO - Installing zoxide with Homebrew...
2025-04-10 09:54:14,256 - INFO - Running: brew install zoxide
2025-04-10 09:54:15,577 - INFO - Installing basedpyright with uv...
2025-04-10 09:54:15,578 - INFO - Running: uv tool install basedpyright
2025-04-10 09:54:15,601 - INFO - Installing csvkit with uv...
2025-04-10 09:54:15,601 - INFO - Running: uv tool install csvkit
2025-04-10 09:54:15,626 - INFO - Installing gds3xtrude with uv...
2025-04-10 09:54:15,626 - INFO - Running: uv tool install gds3xtrude
2025-04-10 09:54:15,650 - INFO - Installing ipython with uv...
2025-04-10 09:54:15,650 - INFO - Running: uv tool install ipython
2025-04-10 09:54:15,713 - INFO - Installing jupyterlab with uv...
2025-04-10 09:54:15,713 - INFO - Running: uv tool install jupyterlab
2025-04-10 09:54:15,726 - INFO - Installing jupytext with uv...
2025-04-10 09:54:15,726 - INFO - Running: uv tool install jupytext
2025-04-10 09:54:15,741 - INFO - Installing ptpython with uv...
2025-04-10 09:54:15,741 - INFO - Running: uv tool install ptpython
2025-04-10 09:54:15,761 - INFO - Installing rich-cli with uv...
2025-04-10 09:54:15,762 - INFO - Running: uv tool install rich-cli
2025-04-10 09:54:15,787 - INFO - Installing ruff with uv...
2025-04-10 09:54:15,787 - INFO - Running: uv tool install ruff
2025-04-10 09:54:15,812 - INFO - Installing tldr with uv...
2025-04-10 09:54:15,812 - INFO - Running: uv tool install tldr
2025-04-10 09:54:15,837 - INFO - Installing trash-cli with uv...
2025-04-10 09:54:15,837 - INFO - Running: uv tool install trash-cli
2025-04-10 09:54:15,861 - INFO - Installation process complete!
